# JRE version: OpenJDK Runtime Environment (11.0.15) (build 11.0.15+0-b2043.56-9505619)
# Java VM: OpenJDK 64-Bit Server VM (11.0.15+0-b2043.56-9505619, mixed mode, tiered, compressed oops, g1 gc, windows-amd64)
Heap:
 garbage-first heap   total 606208K, used 307200K [0x0000000080000000, 0x0000000100000000)
  region size 1024K, 3 young (3072K), 3 survivors (3072K)
 Metaspace       used 101503K, capacity 104339K, committed 104488K, reserved 1140736K
  class space    used 13178K, capacity 14258K, committed 14360K, reserved 1048576K
GC Heap History (20 events):
Event: 20.814 GC heap after
{Heap after GC invocations=37 (full 0):
 garbage-first heap   total 300032K, used 226097K [0x0000000080000000, 0x0000000100000000)
  region size 1024K, 3 young (3072K), 3 survivors (3072K)
 Metaspace       used 101208K, capacity 104107K, committed 104488K, reserved 1140736K
  class space    used 13135K, capacity 14224K, committed 14360K, reserved 1048576K
}
Event: 20.979 GC heap before
{Heap before GC invocations=37 (full 0):
 garbage-first heap   total 300032K, used 289585K [0x0000000080000000, 0x0000000100000000)
  region size 1024K, 27 young (27648K), 3 survivors (3072K)
 Metaspace       used 101488K, capacity 104338K, committed 104488K, reserved 1140736K
  class space    used 13178K, capacity 14258K, committed 14360K, reserved 1048576K
}
Event: 20.985 GC heap after
{Heap after GC invocations=38 (full 0):
 garbage-first heap   total 303104K, used 250448K [0x0000000080000000, 0x0000000100000000)
  region size 1024K, 4 young (4096K), 4 survivors (4096K)
 Metaspace       used 101488K, capacity 104338K, committed 104488K, reserved 1140736K
  class space    used 13178K, capacity 14258K, committed 14360K, reserved 1048576K
}
Event: 21.091 GC heap before
{Heap before GC invocations=39 (full 0):
 garbage-first heap   total 303104K, used 261712K [0x0000000080000000, 0x0000000100000000)
  region size 1024K, 16 young (16384K), 4 survivors (4096K)
 Metaspace       used 101501K, capacity 104339K, committed 104488K, reserved 1140736K
  class space    used 13178K, capacity 14258K, committed 14360K, reserved 1048576K
}
Event: 21.101 GC heap after
{Heap after GC invocations=40 (full 0):
 garbage-first heap   total 303104K, used 255555K [0x0000000080000000, 0x0000000100000000)
  region size 1024K, 2 young (2048K), 2 survivors (2048K)
 Metaspace       used 101501K, capacity 104339K, committed 104488K, reserved 1140736K
  class space    used 13178K, capacity 14258K, committed 14360K, reserved 1048576K
}
Event: 21.210 GC heap before
{Heap before GC invocations=40 (full 0):
 garbage-first heap   total 303104K, used 266819K [0x0000000080000000, 0x0000000100000000)
  region size 1024K, 14 young (14336K), 2 survivors (2048K)
 Metaspace       used 101502K, capacity 104339K, committed 104488K, reserved 1140736K
  class space    used 13178K, capacity 14258K, committed 14360K, reserved 1048576K
}
Event: 21.222 GC heap after
{Heap after GC invocations=41 (full 0):
 garbage-first heap   total 303104K, used 260610K [0x0000000080000000, 0x0000000100000000)
  region size 1024K, 2 young (2048K), 2 survivors (2048K)
 Metaspace       used 101502K, capacity 104339K, committed 104488K, reserved 1140736K
  class space    used 13178K, capacity 14258K, committed 14360K, reserved 1048576K
}
Event: 21.313 GC heap before
{Heap before GC invocations=41 (full 0):
 garbage-first heap   total 303104K, used 272898K [0x0000000080000000, 0x0000000100000000)
  region size 1024K, 14 young (14336K), 2 survivors (2048K)
 Metaspace       used 101503K, capacity 104339K, committed 104488K, reserved 1140736K
  class space    used 13178K, capacity 14258K, committed 14360K, reserved 1048576K
}
Event: 21.324 GC heap after
{Heap after GC invocations=42 (full 0):
 garbage-first heap   total 303104K, used 266986K [0x0000000080000000, 0x0000000100000000)
  region size 1024K, 2 young (2048K), 2 survivors (2048K)
 Metaspace       used 101503K, capacity 104339K, committed 104488K, reserved 1140736K
  class space    used 13178K, capacity 14258K, committed 14360K, reserved 1048576K
}
Event: 21.417 GC heap before
{Heap before GC invocations=42 (full 0):
 garbage-first heap   total 303104K, used 279274K [0x0000000080000000, 0x0000000100000000)
  region size 1024K, 14 young (14336K), 2 survivors (2048K)
 Metaspace       used 101503K, capacity 104339K, committed 104488K, reserved 1140736K
  class space    used 13178K, capacity 14258K, committed 14360K, reserved 1048576K
}
Event: 21.430 GC heap after
{Heap after GC invocations=43 (full 0):
 garbage-first heap   total 364544K, used 272283K [0x0000000080000000, 0x0000000100000000)
  region size 1024K, 2 young (2048K), 2 survivors (2048K)
 Metaspace       used 101503K, capacity 104339K, committed 104488K, reserved 1140736K
  class space    used 13178K, capacity 14258K, committed 14360K, reserved 1048576K
}
Event: 21.556 GC heap before
{Heap before GC invocations=43 (full 0):
 garbage-first heap   total 364544K, used 296859K [0x0000000080000000, 0x0000000100000000)
  region size 1024K, 24 young (24576K), 2 survivors (2048K)
 Metaspace       used 101503K, capacity 104339K, committed 104488K, reserved 1140736K
  class space    used 13178K, capacity 14258K, committed 14360K, reserved 1048576K
}
Event: 21.564 GC heap after
{Heap after GC invocations=44 (full 0):
 garbage-first heap   total 364544K, used 280690K [0x0000000080000000, 0x0000000100000000)
  region size 1024K, 3 young (3072K), 3 survivors (3072K)
 Metaspace       used 101503K, capacity 104339K, committed 104488K, reserved 1140736K
  class space    used 13178K, capacity 14258K, committed 14360K, reserved 1048576K
}
Event: 21.590 GC heap before
{Heap before GC invocations=45 (full 0):
 garbage-first heap   total 364544K, used 287858K [0x0000000080000000, 0x0000000100000000)
  region size 1024K, 11 young (11264K), 3 survivors (3072K)
 Metaspace       used 101503K, capacity 104339K, committed 104488K, reserved 1140736K
  class space    used 13178K, capacity 14258K, committed 14360K, reserved 1048576K
}
Event: 21.596 GC heap after
{Heap after GC invocations=46 (full 0):
 garbage-first heap   total 364544K, used 284261K [0x0000000080000000, 0x0000000100000000)
  region size 1024K, 3 young (3072K), 3 survivors (3072K)
 Metaspace       used 101503K, capacity 104339K, committed 104488K, reserved 1140736K
  class space    used 13178K, capacity 14258K, committed 14360K, reserved 1048576K
}
Event: 21.699 GC heap before
{Heap before GC invocations=46 (full 0):
 garbage-first heap   total 364544K, used 310885K [0x0000000080000000, 0x0000000100000000)
  region size 1024K, 20 young (20480K), 3 survivors (3072K)
 Metaspace       used 101503K, capacity 104339K, committed 104488K, reserved 1140736K
  class space    used 13178K, capacity 14258K, committed 14360K, reserved 1048576K
}
Event: 21.712 GC heap after
{Heap after GC invocations=47 (full 0):
 garbage-first heap   total 364544K, used 293648K [0x0000000080000000, 0x0000000100000000)
  region size 1024K, 3 young (3072K), 3 survivors (3072K)
 Metaspace       used 101503K, capacity 104339K, committed 104488K, reserved 1140736K
  class space    used 13178K, capacity 14258K, committed 14360K, reserved 1048576K
}
Event: 21.765 GC heap before
{Heap before GC invocations=47 (full 0):
 garbage-first heap   total 364544K, used 307984K [0x0000000080000000, 0x0000000100000000)
  region size 1024K, 17 young (17408K), 3 survivors (3072K)
 Metaspace       used 101503K, capacity 104339K, committed 104488K, reserved 1140736K
  class space    used 13178K, capacity 14258K, committed 14360K, reserved 1048576K
}
Event: 21.782 GC heap after
{Heap after GC invocations=48 (full 0):
 garbage-first heap   total 364544K, used 299736K [0x0000000080000000, 0x0000000100000000)
  region size 1024K, 3 young (3072K), 3 survivors (3072K)
 Metaspace       used 101503K, capacity 104339K, committed 104488K, reserved 1140736K
  class space    used 13178K, capacity 14258K, committed 14360K, reserved 1048576K
}
Event: 21.872 GC heap before
{Heap before GC invocations=48 (full 0):
 garbage-first heap   total 364544K, used 314072K [0x0000000080000000, 0x0000000100000000)
  region size 1024K, 17 young (17408K), 3 survivors (3072K)
 Metaspace       used 101503K, capacity 104339K, committed 104488K, reserved 1140736K
  class space    used 13178K, capacity 14258K, committed 14360K, reserved 1048576K
}

