# JRE version: OpenJDK Runtime Environment (11.0.15) (build 11.0.15+0-b2043.56-9505619)
# Java VM: OpenJDK 64-Bit Server VM (11.0.15+0-b2043.56-9505619, mixed mode, tiered, compressed oops, g1 gc, windows-amd64)
Heap:
 garbage-first heap   total 273408K, used 189969K [0x0000000080000000, 0x0000000100000000)
  region size 1024K, 26 young (26624K), 5 survivors (5120K)
 Metaspace       used 80981K, capacity 83361K, committed 83580K, reserved 1122304K
  class space    used 10620K, capacity 11457K, committed 11520K, reserved 1048576K
GC Heap History (20 events):
Event: 9.601 GC heap before
{Heap before GC invocations=25 (full 0):
 garbage-first heap   total 157696K, used 132387K [0x0000000080000000, 0x0000000100000000)
  region size 1024K, 27 young (27648K), 4 survivors (4096K)
 Metaspace       used 63430K, capacity 65342K, committed 65660K, reserved 1105920K
  class space    used 8112K, capacity 8868K, committed 8960K, reserved 1048576K
}
Event: 9.607 GC heap after
{Heap after GC invocations=26 (full 0):
 garbage-first heap   total 189440K, used 104057K [0x0000000080000000, 0x0000000100000000)
  region size 1024K, 4 young (4096K), 4 survivors (4096K)
 Metaspace       used 63430K, capacity 65342K, committed 65660K, reserved 1105920K
  class space    used 8112K, capacity 8868K, committed 8960K, reserved 1048576K
}
Event: 10.010 GC heap before
{Heap before GC invocations=26 (full 0):
 garbage-first heap   total 189440K, used 139897K [0x0000000080000000, 0x0000000100000000)
  region size 1024K, 39 young (39936K), 4 survivors (4096K)
 Metaspace       used 66160K, capacity 68135K, committed 68348K, reserved 1107968K
  class space    used 8460K, capacity 9235K, committed 9344K, reserved 1048576K
}
Event: 10.013 GC heap after
{Heap after GC invocations=27 (full 0):
 garbage-first heap   total 189440K, used 106060K [0x0000000080000000, 0x0000000100000000)
  region size 1024K, 3 young (3072K), 3 survivors (3072K)
 Metaspace       used 66160K, capacity 68135K, committed 68348K, reserved 1107968K
  class space    used 8460K, capacity 9235K, committed 9344K, reserved 1048576K
}
Event: 10.486 GC heap before
{Heap before GC invocations=28 (full 0):
 garbage-first heap   total 189440K, used 143948K [0x0000000080000000, 0x0000000100000000)
  region size 1024K, 40 young (40960K), 3 survivors (3072K)
 Metaspace       used 69351K, capacity 71268K, committed 71548K, reserved 1112064K
  class space    used 8862K, capacity 9654K, committed 9728K, reserved 1048576K
}
Event: 10.491 GC heap after
{Heap after GC invocations=29 (full 0):
 garbage-first heap   total 189440K, used 108016K [0x0000000080000000, 0x0000000100000000)
  region size 1024K, 5 young (5120K), 5 survivors (5120K)
 Metaspace       used 69351K, capacity 71268K, committed 71548K, reserved 1112064K
  class space    used 8862K, capacity 9654K, committed 9728K, reserved 1048576K
}
Event: 10.702 GC heap before
{Heap before GC invocations=29 (full 0):
 garbage-first heap   total 189440K, used 146928K [0x0000000080000000, 0x0000000100000000)
  region size 1024K, 43 young (44032K), 5 survivors (5120K)
 Metaspace       used 69577K, capacity 71599K, committed 71804K, reserved 1112064K
  class space    used 8901K, capacity 9700K, committed 9728K, reserved 1048576K
}
Event: 10.711 GC heap after
{Heap after GC invocations=30 (full 0):
 garbage-first heap   total 189440K, used 110690K [0x0000000080000000, 0x0000000100000000)
  region size 1024K, 5 young (5120K), 5 survivors (5120K)
 Metaspace       used 69577K, capacity 71599K, committed 71804K, reserved 1112064K
  class space    used 8901K, capacity 9700K, committed 9728K, reserved 1048576K
}
Event: 11.066 GC heap before
{Heap before GC invocations=31 (full 0):
 garbage-first heap   total 189440K, used 150626K [0x0000000080000000, 0x0000000100000000)
  region size 1024K, 44 young (45056K), 5 survivors (5120K)
 Metaspace       used 71315K, capacity 73271K, committed 73596K, reserved 1114112K
  class space    used 9116K, capacity 9893K, committed 9984K, reserved 1048576K
}
Event: 11.074 GC heap after
{Heap after GC invocations=32 (full 0):
 garbage-first heap   total 189440K, used 113407K [0x0000000080000000, 0x0000000100000000)
  region size 1024K, 6 young (6144K), 6 survivors (6144K)
 Metaspace       used 71315K, capacity 73271K, committed 73596K, reserved 1114112K
  class space    used 9116K, capacity 9893K, committed 9984K, reserved 1048576K
}
Event: 11.647 GC heap before
{Heap before GC invocations=32 (full 0):
 garbage-first heap   total 189440K, used 152319K [0x0000000080000000, 0x0000000100000000)
  region size 1024K, 44 young (45056K), 6 survivors (6144K)
 Metaspace       used 75687K, capacity 77733K, committed 77948K, reserved 1116160K
  class space    used 9872K, capacity 10664K, committed 10752K, reserved 1048576K
}
Event: 11.658 GC heap after
{Heap after GC invocations=33 (full 0):
 garbage-first heap   total 227328K, used 115849K [0x0000000080000000, 0x0000000100000000)
  region size 1024K, 5 young (5120K), 5 survivors (5120K)
 Metaspace       used 75687K, capacity 77733K, committed 77948K, reserved 1116160K
  class space    used 9872K, capacity 10664K, committed 10752K, reserved 1048576K
}
Event: 12.312 GC heap before
{Heap before GC invocations=34 (full 0):
 garbage-first heap   total 227328K, used 169097K [0x0000000080000000, 0x0000000100000000)
  region size 1024K, 58 young (59392K), 5 survivors (5120K)
 Metaspace       used 78253K, capacity 80382K, committed 80636K, reserved 1118208K
  class space    used 10233K, capacity 11073K, committed 11136K, reserved 1048576K
}
Event: 12.322 GC heap after
{Heap after GC invocations=35 (full 0):
 garbage-first heap   total 227328K, used 119842K [0x0000000080000000, 0x0000000100000000)
  region size 1024K, 7 young (7168K), 7 survivors (7168K)
 Metaspace       used 78253K, capacity 80382K, committed 80636K, reserved 1118208K
  class space    used 10233K, capacity 11073K, committed 11136K, reserved 1048576K
}
Event: 12.498 GC heap before
{Heap before GC invocations=36 (full 0):
 garbage-first heap   total 227328K, used 133154K [0x0000000080000000, 0x0000000100000000)
  region size 1024K, 10 young (10240K), 7 survivors (7168K)
 Metaspace       used 78470K, capacity 80606K, committed 80892K, reserved 1120256K
  class space    used 10261K, capacity 11105K, committed 11136K, reserved 1048576K
}
Event: 12.508 GC heap after
{Heap after GC invocations=37 (full 0):
 garbage-first heap   total 227328K, used 134575K [0x0000000080000000, 0x0000000100000000)
  region size 1024K, 7 young (7168K), 7 survivors (7168K)
 Metaspace       used 78470K, capacity 80606K, committed 80892K, reserved 1120256K
  class space    used 10261K, capacity 11105K, committed 11136K, reserved 1048576K
}
Event: 12.703 GC heap before
{Heap before GC invocations=38 (full 0):
 garbage-first heap   total 227328K, used 150959K [0x0000000080000000, 0x0000000100000000)
  region size 1024K, 10 young (10240K), 7 survivors (7168K)
 Metaspace       used 78470K, capacity 80606K, committed 80892K, reserved 1120256K
  class space    used 10261K, capacity 11105K, committed 11136K, reserved 1048576K
}
Event: 12.710 GC heap after
{Heap after GC invocations=39 (full 0):
 garbage-first heap   total 227328K, used 152164K [0x0000000080000000, 0x0000000100000000)
  region size 1024K, 5 young (5120K), 5 survivors (5120K)
 Metaspace       used 78470K, capacity 80606K, committed 80892K, reserved 1120256K
  class space    used 10261K, capacity 11105K, committed 11136K, reserved 1048576K
}
Event: 13.062 GC heap before
{Heap before GC invocations=40 (full 0):
 garbage-first heap   total 227328K, used 197220K [0x0000000080000000, 0x0000000100000000)
  region size 1024K, 36 young (36864K), 5 survivors (5120K)
 Metaspace       used 80338K, capacity 82738K, committed 83068K, reserved 1120256K
  class space    used 10551K, capacity 11420K, committed 11520K, reserved 1048576K
}
Event: 13.067 GC heap after
{Heap after GC invocations=41 (full 0):
 garbage-first heap   total 273408K, used 170513K [0x0000000080000000, 0x0000000100000000)
  region size 1024K, 5 young (5120K), 5 survivors (5120K)
 Metaspace       used 80338K, capacity 82738K, committed 83068K, reserved 1120256K
  class space    used 10551K, capacity 11420K, committed 11520K, reserved 1048576K
}

