# JRE version: OpenJDK Runtime Environment (11.0.15) (build 11.0.15+0-b2043.56-9505619)
# Java VM: OpenJDK 64-Bit Server VM (11.0.15+0-b2043.56-9505619, mixed mode, tiered, compressed oops, g1 gc, windows-amd64)
Heap:
 garbage-first heap   total 729088K, used 311295K [0x0000000080000000, 0x0000000100000000)
  region size 1024K, 3 young (3072K), 3 survivors (3072K)
 Metaspace       used 101422K, capacity 104271K, committed 104564K, reserved 1140736K
  class space    used 13183K, capacity 14258K, committed 14412K, reserved 1048576K
GC Heap History (20 events):
Event: 17.048 GC heap after
{Heap after GC invocations=35 (full 0):
 garbage-first heap   total 278528K, used 237213K [0x0000000080000000, 0x0000000100000000)
  region size 1024K, 2 young (2048K), 2 survivors (2048K)
 Metaspace       used 101117K, capacity 104039K, committed 104564K, reserved 1140736K
  class space    used 13140K, capacity 14224K, committed 14412K, reserved 1048576K
}
Event: 17.190 GC heap before
{Heap before GC invocations=35 (full 0):
 garbage-first heap   total 278528K, used 273053K [0x0000000080000000, 0x0000000100000000)
  region size 1024K, 13 young (13312K), 2 survivors (2048K)
 Metaspace       used 101400K, capacity 104270K, committed 104564K, reserved 1140736K
  class space    used 13183K, capacity 14258K, committed 14412K, reserved 1048576K
}
Event: 17.196 GC heap after
{Heap after GC invocations=36 (full 0):
 garbage-first heap   total 281600K, used 250907K [0x0000000080000000, 0x0000000100000000)
  region size 1024K, 2 young (2048K), 2 survivors (2048K)
 Metaspace       used 101400K, capacity 104270K, committed 104564K, reserved 1140736K
  class space    used 13183K, capacity 14258K, committed 14412K, reserved 1048576K
}
Event: 17.327 GC heap before
{Heap before GC invocations=36 (full 0):
 garbage-first heap   total 281600K, used 261147K [0x0000000080000000, 0x0000000100000000)
  region size 1024K, 13 young (13312K), 2 survivors (2048K)
 Metaspace       used 101418K, capacity 104271K, committed 104564K, reserved 1140736K
  class space    used 13183K, capacity 14258K, committed 14412K, reserved 1048576K
}
Event: 17.336 GC heap after
{Heap after GC invocations=37 (full 0):
 garbage-first heap   total 281600K, used 255158K [0x0000000080000000, 0x0000000100000000)
  region size 1024K, 2 young (2048K), 2 survivors (2048K)
 Metaspace       used 101418K, capacity 104271K, committed 104564K, reserved 1140736K
  class space    used 13183K, capacity 14258K, committed 14412K, reserved 1048576K
}
Event: 17.444 GC heap before
{Heap before GC invocations=38 (full 0):
 garbage-first heap   total 281600K, used 265398K [0x0000000080000000, 0x0000000100000000)
  region size 1024K, 13 young (13312K), 2 survivors (2048K)
 Metaspace       used 101419K, capacity 104271K, committed 104564K, reserved 1140736K
  class space    used 13183K, capacity 14258K, committed 14412K, reserved 1048576K
}
Event: 17.453 GC heap after
{Heap after GC invocations=39 (full 0):
 garbage-first heap   total 281600K, used 259513K [0x0000000080000000, 0x0000000100000000)
  region size 1024K, 2 young (2048K), 2 survivors (2048K)
 Metaspace       used 101419K, capacity 104271K, committed 104564K, reserved 1140736K
  class space    used 13183K, capacity 14258K, committed 14412K, reserved 1048576K
}
Event: 17.542 GC heap before
{Heap before GC invocations=39 (full 0):
 garbage-first heap   total 281600K, used 269753K [0x0000000080000000, 0x0000000100000000)
  region size 1024K, 13 young (13312K), 2 survivors (2048K)
 Metaspace       used 101420K, capacity 104271K, committed 104564K, reserved 1140736K
  class space    used 13183K, capacity 14258K, committed 14412K, reserved 1048576K
}
Event: 17.556 GC heap after
{Heap after GC invocations=40 (full 0):
 garbage-first heap   total 281600K, used 264059K [0x0000000080000000, 0x0000000100000000)
  region size 1024K, 2 young (2048K), 2 survivors (2048K)
 Metaspace       used 101420K, capacity 104271K, committed 104564K, reserved 1140736K
  class space    used 13183K, capacity 14258K, committed 14412K, reserved 1048576K
}
Event: 17.664 GC heap before
{Heap before GC invocations=40 (full 0):
 garbage-first heap   total 281600K, used 275323K [0x0000000080000000, 0x0000000100000000)
  region size 1024K, 13 young (13312K), 2 survivors (2048K)
 Metaspace       used 101420K, capacity 104271K, committed 104564K, reserved 1140736K
  class space    used 13183K, capacity 14258K, committed 14412K, reserved 1048576K
}
Event: 17.676 GC heap after
{Heap after GC invocations=41 (full 0):
 garbage-first heap   total 284672K, used 270515K [0x0000000080000000, 0x0000000100000000)
  region size 1024K, 2 young (2048K), 2 survivors (2048K)
 Metaspace       used 101420K, capacity 104271K, committed 104564K, reserved 1140736K
  class space    used 13183K, capacity 14258K, committed 14412K, reserved 1048576K
}
Event: 17.755 GC heap before
{Heap before GC invocations=41 (full 0):
 garbage-first heap   total 284672K, used 281779K [0x0000000080000000, 0x0000000100000000)
  region size 1024K, 13 young (13312K), 2 survivors (2048K)
 Metaspace       used 101422K, capacity 104271K, committed 104564K, reserved 1140736K
  class space    used 13183K, capacity 14258K, committed 14412K, reserved 1048576K
}
Event: 17.766 GC heap after
{Heap after GC invocations=42 (full 0):
 garbage-first heap   total 386048K, used 274367K [0x0000000080000000, 0x0000000100000000)
  region size 1024K, 2 young (2048K), 2 survivors (2048K)
 Metaspace       used 101422K, capacity 104271K, committed 104564K, reserved 1140736K
  class space    used 13183K, capacity 14258K, committed 14412K, reserved 1048576K
}
Event: 17.945 GC heap before
{Heap before GC invocations=43 (full 0):
 garbage-first heap   total 386048K, used 313279K [0x0000000080000000, 0x0000000100000000)
  region size 1024K, 30 young (30720K), 2 survivors (2048K)
 Metaspace       used 101422K, capacity 104271K, committed 104564K, reserved 1140736K
  class space    used 13183K, capacity 14258K, committed 14412K, reserved 1048576K
}
Event: 17.957 GC heap after
{Heap after GC invocations=44 (full 0):
 garbage-first heap   total 386048K, used 288190K [0x0000000080000000, 0x0000000100000000)
  region size 1024K, 4 young (4096K), 4 survivors (4096K)
 Metaspace       used 101422K, capacity 104271K, committed 104564K, reserved 1140736K
  class space    used 13183K, capacity 14258K, committed 14412K, reserved 1048576K
}
Event: 17.997 GC heap before
{Heap before GC invocations=44 (full 0):
 garbage-first heap   total 386048K, used 292286K [0x0000000080000000, 0x0000000100000000)
  region size 1024K, 10 young (10240K), 4 survivors (4096K)
 Metaspace       used 101422K, capacity 104271K, committed 104564K, reserved 1140736K
  class space    used 13183K, capacity 14258K, committed 14412K, reserved 1048576K
}
Event: 18.007 GC heap after
{Heap after GC invocations=45 (full 0):
 garbage-first heap   total 386048K, used 292285K [0x0000000080000000, 0x0000000100000000)
  region size 1024K, 4 young (4096K), 4 survivors (4096K)
 Metaspace       used 101422K, capacity 104271K, committed 104564K, reserved 1140736K
  class space    used 13183K, capacity 14258K, committed 14412K, reserved 1048576K
}
Event: 18.116 GC heap before
{Heap before GC invocations=45 (full 0):
 garbage-first heap   total 386048K, used 312765K [0x0000000080000000, 0x0000000100000000)
  region size 1024K, 24 young (24576K), 4 survivors (4096K)
 Metaspace       used 101422K, capacity 104271K, committed 104564K, reserved 1140736K
  class space    used 13183K, capacity 14258K, committed 14412K, reserved 1048576K
}
Event: 18.134 GC heap after
{Heap after GC invocations=46 (full 0):
 garbage-first heap   total 386048K, used 301516K [0x0000000080000000, 0x0000000100000000)
  region size 1024K, 3 young (3072K), 3 survivors (3072K)
 Metaspace       used 101422K, capacity 104271K, committed 104564K, reserved 1140736K
  class space    used 13183K, capacity 14258K, committed 14412K, reserved 1048576K
}
Event: 18.266 GC heap before
{Heap before GC invocations=46 (full 0):
 garbage-first heap   total 386048K, used 321996K [0x0000000080000000, 0x0000000100000000)
  region size 1024K, 21 young (21504K), 3 survivors (3072K)
 Metaspace       used 101422K, capacity 104271K, committed 104564K, reserved 1140736K
  class space    used 13183K, capacity 14258K, committed 14412K, reserved 1048576K
}

