# JRE version: OpenJDK Runtime Environment (11.0.15) (build 11.0.15+0-b2043.56-9505619)
# Java VM: OpenJDK 64-Bit Server VM (11.0.15+0-b2043.56-9505619, mixed mode, tiered, compressed oops, g1 gc, windows-amd64)
Heap:
 garbage-first heap   total 330752K, used 237790K [0x0000000080000000, 0x0000000100000000)
  region size 1024K, 2 young (2048K), 2 survivors (2048K)
 Metaspace       used 100256K, capacity 102923K, committed 103384K, reserved 1138688K
  class space    used 12944K, capacity 13976K, committed 14080K, reserved 1048576K
GC Heap History (20 events):
Event: 13.302 GC heap after
{Heap after GC invocations=26 (full 0):
 garbage-first heap   total 227328K, used 100961K [0x0000000080000000, 0x0000000100000000)
  region size 1024K, 7 young (7168K), 7 survivors (7168K)
 Metaspace       used 88434K, capacity 91123K, committed 91224K, reserved 1128448K
  class space    used 11589K, capacity 12644K, committed 12672K, reserved 1048576K
}
Event: 14.035 GC heap before
{Heap before GC invocations=26 (full 0):
 garbage-first heap   total 227328K, used 172641K [0x0000000080000000, 0x0000000100000000)
  region size 1024K, 78 young (79872K), 7 survivors (7168K)
 Metaspace       used 93172K, capacity 95926K, committed 96088K, reserved 1132544K
  class space    used 12111K, capacity 13146K, committed 13184K, reserved 1048576K
}
Event: 14.041 GC heap after
{Heap after GC invocations=27 (full 0):
 garbage-first heap   total 227328K, used 102550K [0x0000000080000000, 0x0000000100000000)
  region size 1024K, 2 young (2048K), 2 survivors (2048K)
 Metaspace       used 93172K, capacity 95926K, committed 96088K, reserved 1132544K
  class space    used 12111K, capacity 13146K, committed 13184K, reserved 1048576K
}
Event: 14.518 GC heap before
{Heap before GC invocations=27 (full 0):
 garbage-first heap   total 227328K, used 177302K [0x0000000080000000, 0x0000000100000000)
  region size 1024K, 76 young (77824K), 2 survivors (2048K)
 Metaspace       used 96138K, capacity 98916K, committed 99032K, reserved 1134592K
  class space    used 12466K, capacity 13532K, committed 13568K, reserved 1048576K
}
Event: 14.527 GC heap after
{Heap after GC invocations=28 (full 0):
 garbage-first heap   total 227328K, used 107795K [0x0000000080000000, 0x0000000100000000)
  region size 1024K, 8 young (8192K), 8 survivors (8192K)
 Metaspace       used 96138K, capacity 98916K, committed 99032K, reserved 1134592K
  class space    used 12466K, capacity 13532K, committed 13568K, reserved 1048576K
}
Event: 14.829 GC heap before
{Heap before GC invocations=28 (full 0):
 garbage-first heap   total 227328K, used 179475K [0x0000000080000000, 0x0000000100000000)
  region size 1024K, 79 young (80896K), 8 survivors (8192K)
 Metaspace       used 96500K, capacity 99248K, committed 99416K, reserved 1134592K
  class space    used 12507K, capacity 13569K, committed 13696K, reserved 1048576K
}
Event: 14.838 GC heap after
{Heap after GC invocations=29 (full 0):
 garbage-first heap   total 227328K, used 112220K [0x0000000080000000, 0x0000000100000000)
  region size 1024K, 6 young (6144K), 6 survivors (6144K)
 Metaspace       used 96500K, capacity 99248K, committed 99416K, reserved 1134592K
  class space    used 12507K, capacity 13569K, committed 13696K, reserved 1048576K
}
Event: 14.924 GC heap before
{Heap before GC invocations=29 (full 0):
 garbage-first heap   total 227328K, used 127580K [0x0000000080000000, 0x0000000100000000)
  region size 1024K, 23 young (23552K), 6 survivors (6144K)
 Metaspace       used 96727K, capacity 99549K, committed 99672K, reserved 1134592K
  class space    used 12528K, capacity 13614K, committed 13696K, reserved 1048576K
}
Event: 14.932 GC heap after
{Heap after GC invocations=30 (full 0):
 garbage-first heap   total 227328K, used 113537K [0x0000000080000000, 0x0000000100000000)
  region size 1024K, 3 young (3072K), 3 survivors (3072K)
 Metaspace       used 96727K, capacity 99549K, committed 99672K, reserved 1134592K
  class space    used 12528K, capacity 13614K, committed 13696K, reserved 1048576K
}
Event: 15.335 GC heap before
{Heap before GC invocations=31 (full 0):
 garbage-first heap   total 227328K, used 191361K [0x0000000080000000, 0x0000000100000000)
  region size 1024K, 44 young (45056K), 3 survivors (3072K)
 Metaspace       used 96504K, capacity 99114K, committed 99672K, reserved 1134592K
  class space    used 12448K, capacity 13462K, committed 13696K, reserved 1048576K
}
Event: 15.342 GC heap after
{Heap after GC invocations=32 (full 0):
 garbage-first heap   total 227328K, used 156731K [0x0000000080000000, 0x0000000100000000)
  region size 1024K, 8 young (8192K), 8 survivors (8192K)
 Metaspace       used 96504K, capacity 99114K, committed 99672K, reserved 1134592K
  class space    used 12448K, capacity 13462K, committed 13696K, reserved 1048576K
}
Event: 16.042 GC heap before
{Heap before GC invocations=33 (full 0):
 garbage-first heap   total 227328K, used 205883K [0x0000000080000000, 0x0000000100000000)
  region size 1024K, 41 young (41984K), 8 survivors (8192K)
 Metaspace       used 100247K, capacity 102923K, committed 103384K, reserved 1138688K
  class space    used 12944K, capacity 13976K, committed 14080K, reserved 1048576K
}
Event: 16.050 GC heap after
{Heap after GC invocations=34 (full 0):
 garbage-first heap   total 227328K, used 181628K [0x0000000080000000, 0x0000000100000000)
  region size 1024K, 6 young (6144K), 6 survivors (6144K)
 Metaspace       used 100247K, capacity 102923K, committed 103384K, reserved 1138688K
  class space    used 12944K, capacity 13976K, committed 14080K, reserved 1048576K
}
Event: 16.057 GC heap before
{Heap before GC invocations=34 (full 0):
 garbage-first heap   total 227328K, used 204156K [0x0000000080000000, 0x0000000100000000)
  region size 1024K, 11 young (11264K), 6 survivors (6144K)
 Metaspace       used 100250K, capacity 102923K, committed 103384K, reserved 1138688K
  class space    used 12944K, capacity 13976K, committed 14080K, reserved 1048576K
}
Event: 16.061 GC heap after
{Heap after GC invocations=35 (full 0):
 garbage-first heap   total 227328K, used 190039K [0x0000000080000000, 0x0000000100000000)
  region size 1024K, 2 young (2048K), 2 survivors (2048K)
 Metaspace       used 100250K, capacity 102923K, committed 103384K, reserved 1138688K
  class space    used 12944K, capacity 13976K, committed 14080K, reserved 1048576K
}
Event: 16.062 GC heap before
{Heap before GC invocations=35 (full 0):
 garbage-first heap   total 227328K, used 190039K [0x0000000080000000, 0x0000000100000000)
  region size 1024K, 3 young (3072K), 2 survivors (2048K)
 Metaspace       used 100250K, capacity 102923K, committed 103384K, reserved 1138688K
  class space    used 12944K, capacity 13976K, committed 14080K, reserved 1048576K
}
Event: 16.064 GC heap after
{Heap after GC invocations=36 (full 0):
 garbage-first heap   total 227328K, used 190068K [0x0000000080000000, 0x0000000100000000)
  region size 1024K, 1 young (1024K), 1 survivors (1024K)
 Metaspace       used 100250K, capacity 102923K, committed 103384K, reserved 1138688K
  class space    used 12944K, capacity 13976K, committed 14080K, reserved 1048576K
}
Event: 16.170 GC heap before
{Heap before GC invocations=36 (full 0):
 garbage-first heap   total 273408K, used 271988K [0x0000000080000000, 0x0000000100000000)
  region size 1024K, 6 young (6144K), 1 survivors (1024K)
 Metaspace       used 100252K, capacity 102923K, committed 103384K, reserved 1138688K
  class space    used 12944K, capacity 13976K, committed 14080K, reserved 1048576K
}
Event: 16.212 GC heap after
{Heap after GC invocations=37 (full 0):
 garbage-first heap   total 275456K, used 225051K [0x0000000080000000, 0x0000000100000000)
  region size 1024K, 2 young (2048K), 2 survivors (2048K)
 Metaspace       used 100252K, capacity 102923K, committed 103384K, reserved 1138688K
  class space    used 12944K, capacity 13976K, committed 14080K, reserved 1048576K
}
Event: 16.222 GC heap before
{Heap before GC invocations=37 (full 0):
 garbage-first heap   total 275456K, used 257819K [0x0000000080000000, 0x0000000100000000)
  region size 1024K, 14 young (14336K), 2 survivors (2048K)
 Metaspace       used 100256K, capacity 102923K, committed 103384K, reserved 1138688K
  class space    used 12944K, capacity 13976K, committed 14080K, reserved 1048576K
}

