# JRE version: OpenJDK Runtime Environment (11.0.15) (build 11.0.15+0-b2043.56-9505619)
# Java VM: OpenJDK 64-Bit Server VM (11.0.15+0-b2043.56-9505619, mixed mode, tiered, compressed oops, g1 gc, windows-amd64)
Heap:
 garbage-first heap   total 726016K, used 322887K [0x0000000080000000, 0x0000000100000000)
  region size 1024K, 3 young (3072K), 3 survivors (3072K)
 Metaspace       used 103385K, capacity 106315K, committed 106652K, reserved 1140736K
  class space    used 13628K, capacity 14738K, committed 14872K, reserved 1048576K
GC Heap History (20 events):
Event: 17.229 GC heap after
{Heap after GC invocations=34 (full 0):
 garbage-first heap   total 318464K, used 261606K [0x0000000080000000, 0x0000000100000000)
  region size 1024K, 3 young (3072K), 3 survivors (3072K)
 Metaspace       used 101477K, capacity 104337K, committed 104988K, reserved 1140736K
  class space    used 13179K, capacity 14258K, committed 14488K, reserved 1048576K
}
Event: 17.330 GC heap before
{Heap before GC invocations=34 (full 0):
 garbage-first heap   total 318464K, used 273894K [0x0000000080000000, 0x0000000100000000)
  region size 1024K, 15 young (15360K), 3 survivors (3072K)
 Metaspace       used 101477K, capacity 104337K, committed 104988K, reserved 1140736K
  class space    used 13179K, capacity 14258K, committed 14488K, reserved 1048576K
}
Event: 17.342 GC heap after
{Heap after GC invocations=35 (full 0):
 garbage-first heap   total 318464K, used 268656K [0x0000000080000000, 0x0000000100000000)
  region size 1024K, 2 young (2048K), 2 survivors (2048K)
 Metaspace       used 101477K, capacity 104337K, committed 104988K, reserved 1140736K
  class space    used 13179K, capacity 14258K, committed 14488K, reserved 1048576K
}
Event: 17.433 GC heap before
{Heap before GC invocations=35 (full 0):
 garbage-first heap   total 318464K, used 281968K [0x0000000080000000, 0x0000000100000000)
  region size 1024K, 15 young (15360K), 2 survivors (2048K)
 Metaspace       used 101477K, capacity 104337K, committed 104988K, reserved 1140736K
  class space    used 13179K, capacity 14258K, committed 14488K, reserved 1048576K
}
Event: 17.441 GC heap after
{Heap after GC invocations=36 (full 0):
 garbage-first heap   total 318464K, used 273073K [0x0000000080000000, 0x0000000100000000)
  region size 1024K, 2 young (2048K), 2 survivors (2048K)
 Metaspace       used 101477K, capacity 104337K, committed 104988K, reserved 1140736K
  class space    used 13179K, capacity 14258K, committed 14488K, reserved 1048576K
}
Event: 17.545 GC heap before
{Heap before GC invocations=36 (full 0):
 garbage-first heap   total 318464K, used 286385K [0x0000000080000000, 0x0000000100000000)
  region size 1024K, 15 young (15360K), 2 survivors (2048K)
 Metaspace       used 101477K, capacity 104337K, committed 104988K, reserved 1140736K
  class space    used 13179K, capacity 14258K, committed 14488K, reserved 1048576K
}
Event: 17.550 GC heap after
{Heap after GC invocations=37 (full 0):
 garbage-first heap   total 318464K, used 276920K [0x0000000080000000, 0x0000000100000000)
  region size 1024K, 2 young (2048K), 2 survivors (2048K)
 Metaspace       used 101477K, capacity 104337K, committed 104988K, reserved 1140736K
  class space    used 13179K, capacity 14258K, committed 14488K, reserved 1048576K
}
Event: 17.617 GC heap before
{Heap before GC invocations=38 (full 0):
 garbage-first heap   total 318464K, used 288184K [0x0000000080000000, 0x0000000100000000)
  region size 1024K, 13 young (13312K), 2 survivors (2048K)
 Metaspace       used 101478K, capacity 104337K, committed 104988K, reserved 1140736K
  class space    used 13179K, capacity 14258K, committed 14488K, reserved 1048576K
}
Event: 17.625 GC heap after
{Heap after GC invocations=39 (full 0):
 garbage-first heap   total 318464K, used 282808K [0x0000000080000000, 0x0000000100000000)
  region size 1024K, 2 young (2048K), 2 survivors (2048K)
 Metaspace       used 101478K, capacity 104337K, committed 104988K, reserved 1140736K
  class space    used 13179K, capacity 14258K, committed 14488K, reserved 1048576K
}
Event: 17.722 GC heap before
{Heap before GC invocations=39 (full 0):
 garbage-first heap   total 318464K, used 304312K [0x0000000080000000, 0x0000000100000000)
  region size 1024K, 15 young (15360K), 2 survivors (2048K)
 Metaspace       used 101478K, capacity 104337K, committed 104988K, reserved 1140736K
  class space    used 13179K, capacity 14258K, committed 14488K, reserved 1048576K
}
Event: 17.734 GC heap after
{Heap after GC invocations=40 (full 0):
 garbage-first heap   total 318464K, used 290816K [0x0000000080000000, 0x0000000100000000)
  region size 1024K, 2 young (2048K), 2 survivors (2048K)
 Metaspace       used 101478K, capacity 104337K, committed 104988K, reserved 1140736K
  class space    used 13179K, capacity 14258K, committed 14488K, reserved 1048576K
}
Event: 17.881 GC heap before
{Heap before GC invocations=40 (full 0):
 garbage-first heap   total 318464K, used 302080K [0x0000000080000000, 0x0000000100000000)
  region size 1024K, 15 young (15360K), 2 survivors (2048K)
 Metaspace       used 101478K, capacity 104337K, committed 104988K, reserved 1140736K
  class space    used 13179K, capacity 14258K, committed 14488K, reserved 1048576K
}
Event: 17.896 GC heap after
{Heap after GC invocations=41 (full 0):
 garbage-first heap   total 382976K, used 295807K [0x0000000080000000, 0x0000000100000000)
  region size 1024K, 2 young (2048K), 2 survivors (2048K)
 Metaspace       used 101478K, capacity 104337K, committed 104988K, reserved 1140736K
  class space    used 13179K, capacity 14258K, committed 14488K, reserved 1048576K
}
Event: 18.042 GC heap before
{Heap before GC invocations=42 (full 0):
 garbage-first heap   total 382976K, used 317311K [0x0000000080000000, 0x0000000100000000)
  region size 1024K, 22 young (22528K), 2 survivors (2048K)
 Metaspace       used 101478K, capacity 104337K, committed 104988K, reserved 1140736K
  class space    used 13179K, capacity 14258K, committed 14488K, reserved 1048576K
}
Event: 18.061 GC heap after
{Heap after GC invocations=43 (full 0):
 garbage-first heap   total 382976K, used 306176K [0x0000000080000000, 0x0000000100000000)
  region size 1024K, 3 young (3072K), 3 survivors (3072K)
 Metaspace       used 101478K, capacity 104337K, committed 104988K, reserved 1140736K
  class space    used 13179K, capacity 14258K, committed 14488K, reserved 1048576K
}
Event: 18.077 GC heap before
{Heap before GC invocations=43 (full 0):
 garbage-first heap   total 382976K, used 308224K [0x0000000080000000, 0x0000000100000000)
  region size 1024K, 7 young (7168K), 3 survivors (3072K)
 Metaspace       used 101478K, capacity 104337K, committed 104988K, reserved 1140736K
  class space    used 13179K, capacity 14258K, committed 14488K, reserved 1048576K
}
Event: 18.090 GC heap after
{Heap after GC invocations=44 (full 0):
 garbage-first heap   total 382976K, used 308288K [0x0000000080000000, 0x0000000100000000)
  region size 1024K, 2 young (2048K), 2 survivors (2048K)
 Metaspace       used 101478K, capacity 104337K, committed 104988K, reserved 1140736K
  class space    used 13179K, capacity 14258K, committed 14488K, reserved 1048576K
}
Event: 18.246 GC heap before
{Heap before GC invocations=44 (full 0):
 garbage-first heap   total 382976K, used 325696K [0x0000000080000000, 0x0000000100000000)
  region size 1024K, 18 young (18432K), 2 survivors (2048K)
 Metaspace       used 101494K, capacity 104337K, committed 104988K, reserved 1140736K
  class space    used 13180K, capacity 14258K, committed 14488K, reserved 1048576K
}
Event: 18.261 GC heap after
{Heap after GC invocations=45 (full 0):
 garbage-first heap   total 382976K, used 315577K [0x0000000080000000, 0x0000000100000000)
  region size 1024K, 3 young (3072K), 3 survivors (3072K)
 Metaspace       used 101494K, capacity 104337K, committed 104988K, reserved 1140736K
  class space    used 13180K, capacity 14258K, committed 14488K, reserved 1048576K
}
Event: 18.536 GC heap before
{Heap before GC invocations=45 (full 0):
 garbage-first heap   total 382976K, used 332985K [0x0000000080000000, 0x0000000100000000)
  region size 1024K, 18 young (18432K), 3 survivors (3072K)
 Metaspace       used 103385K, capacity 106315K, committed 106652K, reserved 1140736K
  class space    used 13628K, capacity 14738K, committed 14872K, reserved 1048576K
}

