# JRE version: OpenJDK Runtime Environment (11.0.15) (build 11.0.15+0-b2043.56-9505619)
# Java VM: OpenJDK 64-Bit Server VM (11.0.15+0-b2043.56-9505619, mixed mode, tiered, compressed oops, g1 gc, windows-amd64)
Heap:
 garbage-first heap   total 402432K, used 157702K [0x0000000080000000, 0x0000000100000000)
  region size 1024K, 1 young (1024K), 1 survivors (1024K)
 Metaspace       used 130500K, capacity 134327K, committed 135592K, reserved 1167360K
  class space    used 16373K, capacity 17878K, committed 18468K, reserved 1048576K
GC Heap History (20 events):
Event: 2670.873 GC heap after
{Heap after GC invocations=71 (full 0):
 garbage-first heap   total 231424K, used 147291K [0x0000000080000000, 0x0000000100000000)
  region size 1024K, 8 young (8192K), 8 survivors (8192K)
 Metaspace       used 129148K, capacity 132856K, committed 134312K, reserved 1165312K
  class space    used 16343K, capacity 17839K, committed 18468K, reserved 1048576K
}
Event: 2671.053 GC heap before
{Heap before GC invocations=72 (full 0):
 garbage-first heap   total 231424K, used 192347K [0x0000000080000000, 0x0000000100000000)
  region size 1024K, 53 young (54272K), 8 survivors (8192K)
 Metaspace       used 129253K, capacity 133020K, committed 134568K, reserved 1165312K
  class space    used 16351K, capacity 17849K, committed 18468K, reserved 1048576K
}
Event: 2671.070 GC heap after
{Heap after GC invocations=73 (full 0):
 garbage-first heap   total 278528K, used 152755K [0x0000000080000000, 0x0000000100000000)
  region size 1024K, 7 young (7168K), 7 survivors (7168K)
 Metaspace       used 129253K, capacity 133020K, committed 134568K, reserved 1165312K
  class space    used 16351K, capacity 17849K, committed 18468K, reserved 1048576K
}
Event: 2671.093 GC heap before
{Heap before GC invocations=73 (full 0):
 garbage-first heap   total 278528K, used 158899K [0x0000000080000000, 0x0000000100000000)
  region size 1024K, 13 young (13312K), 7 survivors (7168K)
 Metaspace       used 129267K, capacity 133020K, committed 134568K, reserved 1165312K
  class space    used 16352K, capacity 17849K, committed 18468K, reserved 1048576K
}
Event: 2671.105 GC heap after
{Heap after GC invocations=74 (full 0):
 garbage-first heap   total 278528K, used 150368K [0x0000000080000000, 0x0000000100000000)
  region size 1024K, 2 young (2048K), 2 survivors (2048K)
 Metaspace       used 129267K, capacity 133020K, committed 134568K, reserved 1165312K
  class space    used 16352K, capacity 17849K, committed 18468K, reserved 1048576K
}
Event: 2671.361 GC heap before
{Heap before GC invocations=74 (full 0):
 garbage-first heap   total 278528K, used 213856K [0x0000000080000000, 0x0000000100000000)
  region size 1024K, 64 young (65536K), 2 survivors (2048K)
 Metaspace       used 129472K, capacity 133241K, committed 134824K, reserved 1165312K
  class space    used 16360K, capacity 17857K, committed 18468K, reserved 1048576K
}
Event: 2671.377 GC heap after
{Heap after GC invocations=75 (full 0):
 garbage-first heap   total 278528K, used 154403K [0x0000000080000000, 0x0000000100000000)
  region size 1024K, 6 young (6144K), 6 survivors (6144K)
 Metaspace       used 129472K, capacity 133241K, committed 134824K, reserved 1165312K
  class space    used 16360K, capacity 17857K, committed 18468K, reserved 1048576K
}
Event: 2671.876 GC heap before
{Heap before GC invocations=76 (full 0):
 garbage-first heap   total 278528K, used 217891K [0x0000000080000000, 0x0000000100000000)
  region size 1024K, 68 young (69632K), 6 survivors (6144K)
 Metaspace       used 129784K, capacity 133492K, committed 135080K, reserved 1165312K
  class space    used 16358K, capacity 17853K, committed 18468K, reserved 1048576K
}
Event: 2671.889 GC heap after
{Heap after GC invocations=77 (full 0):
 garbage-first heap   total 278528K, used 156983K [0x0000000080000000, 0x0000000100000000)
  region size 1024K, 8 young (8192K), 8 survivors (8192K)
 Metaspace       used 129784K, capacity 133492K, committed 135080K, reserved 1165312K
  class space    used 16358K, capacity 17853K, committed 18468K, reserved 1048576K
}
Event: 2671.907 GC heap before
{Heap before GC invocations=77 (full 0):
 garbage-first heap   total 278528K, used 162103K [0x0000000080000000, 0x0000000100000000)
  region size 1024K, 13 young (13312K), 8 survivors (8192K)
 Metaspace       used 129793K, capacity 133504K, committed 135080K, reserved 1165312K
  class space    used 16360K, capacity 17857K, committed 18468K, reserved 1048576K
}
Event: 2671.920 GC heap after
{Heap after GC invocations=78 (full 0):
 garbage-first heap   total 334848K, used 155923K [0x0000000080000000, 0x0000000100000000)
  region size 1024K, 1 young (1024K), 1 survivors (1024K)
 Metaspace       used 129793K, capacity 133504K, committed 135080K, reserved 1165312K
  class space    used 16360K, capacity 17857K, committed 18468K, reserved 1048576K
}
Event: 2672.298 GC heap before
{Heap before GC invocations=78 (full 0):
 garbage-first heap   total 334848K, used 249107K [0x0000000080000000, 0x0000000100000000)
  region size 1024K, 93 young (95232K), 1 survivors (1024K)
 Metaspace       used 129810K, capacity 133571K, committed 135080K, reserved 1165312K
  class space    used 16361K, capacity 17858K, committed 18468K, reserved 1048576K
}
Event: 2672.304 GC heap after
{Heap after GC invocations=79 (full 0):
 garbage-first heap   total 334848K, used 156226K [0x0000000080000000, 0x0000000100000000)
  region size 1024K, 2 young (2048K), 2 survivors (2048K)
 Metaspace       used 129810K, capacity 133571K, committed 135080K, reserved 1165312K
  class space    used 16361K, capacity 17858K, committed 18468K, reserved 1048576K
}
Event: 2673.046 GC heap before
{Heap before GC invocations=80 (full 0):
 garbage-first heap   total 334848K, used 269890K [0x0000000080000000, 0x0000000100000000)
  region size 1024K, 114 young (116736K), 2 survivors (2048K)
 Metaspace       used 129876K, capacity 133601K, committed 135080K, reserved 1165312K
  class space    used 16367K, capacity 17868K, committed 18468K, reserved 1048576K
}
Event: 2673.055 GC heap after
{Heap after GC invocations=81 (full 0):
 garbage-first heap   total 334848K, used 157777K [0x0000000080000000, 0x0000000100000000)
  region size 1024K, 3 young (3072K), 3 survivors (3072K)
 Metaspace       used 129876K, capacity 133601K, committed 135080K, reserved 1165312K
  class space    used 16367K, capacity 17868K, committed 18468K, reserved 1048576K
}
Event: 2673.479 GC heap before
{Heap before GC invocations=81 (full 0):
 garbage-first heap   total 334848K, used 274513K [0x0000000080000000, 0x0000000100000000)
  region size 1024K, 118 young (120832K), 3 survivors (3072K)
 Metaspace       used 130108K, capacity 133873K, committed 135336K, reserved 1167360K
  class space    used 16367K, capacity 17868K, committed 18468K, reserved 1048576K
}
Event: 2673.488 GC heap after
{Heap after GC invocations=82 (full 0):
 garbage-first heap   total 334848K, used 158729K [0x0000000080000000, 0x0000000100000000)
  region size 1024K, 4 young (4096K), 4 survivors (4096K)
 Metaspace       used 130108K, capacity 133873K, committed 135336K, reserved 1167360K
  class space    used 16367K, capacity 17868K, committed 18468K, reserved 1048576K
}
Event: 2673.931 GC heap before
{Heap before GC invocations=83 (full 0):
 garbage-first heap   total 334848K, used 275465K [0x0000000080000000, 0x0000000100000000)
  region size 1024K, 119 young (121856K), 4 survivors (4096K)
 Metaspace       used 130486K, capacity 134195K, committed 135592K, reserved 1167360K
  class space    used 16373K, capacity 17878K, committed 18468K, reserved 1048576K
}
Event: 2673.940 GC heap after
{Heap after GC invocations=84 (full 0):
 garbage-first heap   total 334848K, used 159077K [0x0000000080000000, 0x0000000100000000)
  region size 1024K, 5 young (5120K), 5 survivors (5120K)
 Metaspace       used 130486K, capacity 134195K, committed 135592K, reserved 1167360K
  class space    used 16373K, capacity 17878K, committed 18468K, reserved 1048576K
}
Event: 2673.967 GC heap before
{Heap before GC invocations=84 (full 0):
 garbage-first heap   total 334848K, used 170341K [0x0000000080000000, 0x0000000100000000)
  region size 1024K, 16 young (16384K), 5 survivors (5120K)
 Metaspace       used 130500K, capacity 134327K, committed 135592K, reserved 1167360K
  class space    used 16373K, capacity 17878K, committed 18468K, reserved 1048576K
}

