# JRE version: OpenJDK Runtime Environment (11.0.15) (build 11.0.15+0-b2043.56-9505619)
# Java VM: OpenJDK 64-Bit Server VM (11.0.15+0-b2043.56-9505619, mixed mode, tiered, compressed oops, g1 gc, windows-amd64)
Heap:
 garbage-first heap   total 227328K, used 147521K [0x0000000080000000, 0x0000000100000000)
  region size 1024K, 53 young (54272K), 7 survivors (7168K)
 Metaspace       used 89074K, capacity 91780K, committed 92120K, reserved 1128448K
  class space    used 11638K, capacity 12685K, committed 12800K, reserved 1048576K
GC Heap History (20 events):
Event: 8.764 GC heap before
{Heap before GC invocations=16 (full 0):
 garbage-first heap   total 157696K, used 103826K [0x0000000080000000, 0x0000000100000000)
  region size 1024K, 50 young (51200K), 6 survivors (6144K)
 Metaspace       used 66285K, capacity 68012K, committed 68312K, reserved 1107968K
  class space    used 8410K, capacity 9092K, committed 9216K, reserved 1048576K
}
Event: 8.770 GC heap after
{Heap after GC invocations=17 (full 0):
 garbage-first heap   total 157696K, used 60242K [0x0000000080000000, 0x0000000100000000)
  region size 1024K, 3 young (3072K), 3 survivors (3072K)
 Metaspace       used 66285K, capacity 68012K, committed 68312K, reserved 1107968K
  class space    used 8410K, capacity 9092K, committed 9216K, reserved 1048576K
}
Event: 9.199 GC heap before
{Heap before GC invocations=17 (full 0):
 garbage-first heap   total 157696K, used 108370K [0x0000000080000000, 0x0000000100000000)
  region size 1024K, 50 young (51200K), 3 survivors (3072K)
 Metaspace       used 67645K, capacity 69451K, committed 69464K, reserved 1110016K
  class space    used 8596K, capacity 9336K, committed 9344K, reserved 1048576K
}
Event: 9.205 GC heap after
{Heap after GC invocations=18 (full 0):
 garbage-first heap   total 157696K, used 63552K [0x0000000080000000, 0x0000000100000000)
  region size 1024K, 6 young (6144K), 6 survivors (6144K)
 Metaspace       used 67645K, capacity 69451K, committed 69464K, reserved 1110016K
  class space    used 8596K, capacity 9336K, committed 9344K, reserved 1048576K
}
Event: 9.752 GC heap before
{Heap before GC invocations=18 (full 0):
 garbage-first heap   total 157696K, used 112704K [0x0000000080000000, 0x0000000100000000)
  region size 1024K, 54 young (55296K), 6 survivors (6144K)
 Metaspace       used 69490K, capacity 71253K, committed 71512K, reserved 1112064K
  class space    used 8822K, capacity 9529K, committed 9600K, reserved 1048576K
}
Event: 9.759 GC heap after
{Heap after GC invocations=19 (full 0):
 garbage-first heap   total 157696K, used 66577K [0x0000000080000000, 0x0000000100000000)
  region size 1024K, 7 young (7168K), 7 survivors (7168K)
 Metaspace       used 69490K, capacity 71253K, committed 71512K, reserved 1112064K
  class space    used 8822K, capacity 9529K, committed 9600K, reserved 1048576K
}
Event: 10.442 GC heap before
{Heap before GC invocations=19 (full 0):
 garbage-first heap   total 157696K, used 115729K [0x0000000080000000, 0x0000000100000000)
  region size 1024K, 55 young (56320K), 7 survivors (7168K)
 Metaspace       used 74448K, capacity 76158K, committed 76376K, reserved 1116160K
  class space    used 9645K, capacity 10364K, committed 10368K, reserved 1048576K
}
Event: 10.451 GC heap after
{Heap after GC invocations=20 (full 0):
 garbage-first heap   total 189440K, used 69826K [0x0000000080000000, 0x0000000100000000)
  region size 1024K, 7 young (7168K), 7 survivors (7168K)
 Metaspace       used 74448K, capacity 76158K, committed 76376K, reserved 1116160K
  class space    used 9645K, capacity 10364K, committed 10368K, reserved 1048576K
}
Event: 11.142 GC heap before
{Heap before GC invocations=20 (full 0):
 garbage-first heap   total 189440K, used 133314K [0x0000000080000000, 0x0000000100000000)
  region size 1024K, 69 young (70656K), 7 survivors (7168K)
 Metaspace       used 77865K, capacity 79908K, committed 80088K, reserved 1118208K
  class space    used 10144K, capacity 10919K, committed 11008K, reserved 1048576K
}
Event: 11.150 GC heap after
{Heap after GC invocations=21 (full 0):
 garbage-first heap   total 189440K, used 74351K [0x0000000080000000, 0x0000000100000000)
  region size 1024K, 8 young (8192K), 8 survivors (8192K)
 Metaspace       used 77865K, capacity 79908K, committed 80088K, reserved 1118208K
  class space    used 10144K, capacity 10919K, committed 11008K, reserved 1048576K
}
Event: 12.027 GC heap before
{Heap before GC invocations=21 (full 0):
 garbage-first heap   total 189440K, used 138863K [0x0000000080000000, 0x0000000100000000)
  region size 1024K, 71 young (72704K), 8 survivors (8192K)
 Metaspace       used 83731K, capacity 85818K, committed 86104K, reserved 1124352K
  class space    used 10946K, capacity 11777K, committed 11904K, reserved 1048576K
}
Event: 12.037 GC heap after
{Heap after GC invocations=22 (full 0):
 garbage-first heap   total 189440K, used 78694K [0x0000000080000000, 0x0000000100000000)
  region size 1024K, 9 young (9216K), 9 survivors (9216K)
 Metaspace       used 83731K, capacity 85818K, committed 86104K, reserved 1124352K
  class space    used 10946K, capacity 11777K, committed 11904K, reserved 1048576K
}
Event: 12.469 GC heap before
{Heap before GC invocations=22 (full 0):
 garbage-first heap   total 189440K, used 143206K [0x0000000080000000, 0x0000000100000000)
  region size 1024K, 72 young (73728K), 9 survivors (9216K)
 Metaspace       used 84743K, capacity 86945K, committed 87256K, reserved 1124352K
  class space    used 11061K, capacity 11932K, committed 12032K, reserved 1048576K
}
Event: 12.484 GC heap after
{Heap after GC invocations=23 (full 0):
 garbage-first heap   total 189440K, used 86675K [0x0000000080000000, 0x0000000100000000)
  region size 1024K, 9 young (9216K), 9 survivors (9216K)
 Metaspace       used 84743K, capacity 86945K, committed 87256K, reserved 1124352K
  class space    used 11061K, capacity 11932K, committed 12032K, reserved 1048576K
}
Event: 13.278 GC heap before
{Heap before GC invocations=23 (full 0):
 garbage-first heap   total 189440K, used 146067K [0x0000000080000000, 0x0000000100000000)
  region size 1024K, 68 young (69632K), 9 survivors (9216K)
 Metaspace       used 87394K, capacity 90044K, committed 90072K, reserved 1126400K
  class space    used 11519K, capacity 12533K, committed 12544K, reserved 1048576K
}
Event: 13.292 GC heap after
{Heap after GC invocations=24 (full 0):
 garbage-first heap   total 189440K, used 93757K [0x0000000080000000, 0x0000000100000000)
  region size 1024K, 7 young (7168K), 7 survivors (7168K)
 Metaspace       used 87394K, capacity 90044K, committed 90072K, reserved 1126400K
  class space    used 11519K, capacity 12533K, committed 12544K, reserved 1048576K
}
Event: 13.732 GC heap before
{Heap before GC invocations=24 (full 0):
 garbage-first heap   total 189440K, used 149053K [0x0000000080000000, 0x0000000100000000)
  region size 1024K, 62 young (63488K), 7 survivors (7168K)
 Metaspace       used 87759K, capacity 90337K, committed 90584K, reserved 1128448K
  class space    used 11521K, capacity 12535K, committed 12544K, reserved 1048576K
}
Event: 13.744 GC heap after
{Heap after GC invocations=25 (full 0):
 garbage-first heap   total 227328K, used 98309K [0x0000000080000000, 0x0000000100000000)
  region size 1024K, 6 young (6144K), 6 survivors (6144K)
 Metaspace       used 87759K, capacity 90337K, committed 90584K, reserved 1128448K
  class space    used 11521K, capacity 12535K, committed 12544K, reserved 1048576K
}
Event: 14.406 GC heap before
{Heap before GC invocations=26 (full 0):
 garbage-first heap   total 227328K, used 167941K [0x0000000080000000, 0x0000000100000000)
  region size 1024K, 75 young (76800K), 6 survivors (6144K)
 Metaspace       used 88608K, capacity 91331K, committed 91480K, reserved 1128448K
  class space    used 11597K, capacity 12630K, committed 12672K, reserved 1048576K
}
Event: 14.414 GC heap after
{Heap after GC invocations=27 (full 0):
 garbage-first heap   total 227328K, used 102465K [0x0000000080000000, 0x0000000100000000)
  region size 1024K, 7 young (7168K), 7 survivors (7168K)
 Metaspace       used 88608K, capacity 91331K, committed 91480K, reserved 1128448K
  class space    used 11597K, capacity 12630K, committed 12672K, reserved 1048576K
}

