# JRE version: OpenJDK Runtime Environment (11.0.15) (build 11.0.15+0-b2043.56-9505619)
# Java VM: OpenJDK 64-Bit Server VM (11.0.15+0-b2043.56-9505619, mixed mode, tiered, compressed oops, g1 gc, windows-amd64)
Heap:
 garbage-first heap   total 189440K, used 100841K [0x0000000080000000, 0x0000000100000000)
  region size 1024K, 4 young (4096K), 4 survivors (4096K)
 Metaspace       used 55277K, capacity 57074K, committed 57212K, reserved 1099776K
  class space    used 7110K, capacity 7820K, committed 7936K, reserved 1048576K
GC Heap History (20 events):
Event: 2.937 GC heap after
{Heap after GC invocations=6 (full 0):
 garbage-first heap   total 131072K, used 19333K [0x0000000080000000, 0x0000000100000000)
  region size 1024K, 3 young (3072K), 3 survivors (3072K)
 Metaspace       used 25504K, capacity 26112K, committed 26288K, reserved 1073152K
  class space    used 3287K, capacity 3495K, committed 3584K, reserved 1048576K
}
Event: 3.690 GC heap before
{Heap before GC invocations=6 (full 0):
 garbage-first heap   total 131072K, used 86917K [0x0000000080000000, 0x0000000100000000)
  region size 1024K, 54 young (55296K), 3 survivors (3072K)
 Metaspace       used 30259K, capacity 31059K, committed 31280K, reserved 1077248K
  class space    used 4029K, capacity 4355K, committed 4480K, reserved 1048576K
}
Event: 3.694 GC heap after
{Heap after GC invocations=7 (full 0):
 garbage-first heap   total 131072K, used 39377K [0x0000000080000000, 0x0000000100000000)
  region size 1024K, 7 young (7168K), 7 survivors (7168K)
 Metaspace       used 30259K, capacity 31059K, committed 31280K, reserved 1077248K
  class space    used 4029K, capacity 4355K, committed 4480K, reserved 1048576K
}
Event: 4.074 GC heap before
{Heap before GC invocations=7 (full 0):
 garbage-first heap   total 131072K, used 74193K [0x0000000080000000, 0x0000000100000000)
  region size 1024K, 42 young (43008K), 7 survivors (7168K)
 Metaspace       used 34531K, capacity 35590K, committed 35708K, reserved 1079296K
  class space    used 4650K, capacity 5058K, committed 5120K, reserved 1048576K
}
Event: 4.084 GC heap after
{Heap after GC invocations=8 (full 0):
 garbage-first heap   total 131072K, used 41042K [0x0000000080000000, 0x0000000100000000)
  region size 1024K, 2 young (2048K), 2 survivors (2048K)
 Metaspace       used 34531K, capacity 35590K, committed 35708K, reserved 1079296K
  class space    used 4650K, capacity 5058K, committed 5120K, reserved 1048576K
}
Event: 4.708 GC heap before
{Heap before GC invocations=9 (full 0):
 garbage-first heap   total 131072K, used 89170K [0x0000000080000000, 0x0000000100000000)
  region size 1024K, 47 young (48128K), 2 survivors (2048K)
 Metaspace       used 40847K, capacity 42037K, committed 42108K, reserved 1085440K
  class space    used 5192K, capacity 5625K, committed 5632K, reserved 1048576K
}
Event: 4.714 GC heap after
{Heap after GC invocations=10 (full 0):
 garbage-first heap   total 131072K, used 45943K [0x0000000080000000, 0x0000000100000000)
  region size 1024K, 6 young (6144K), 6 survivors (6144K)
 Metaspace       used 40847K, capacity 42037K, committed 42108K, reserved 1085440K
  class space    used 5192K, capacity 5625K, committed 5632K, reserved 1048576K
}
Event: 5.420 GC heap before
{Heap before GC invocations=10 (full 0):
 garbage-first heap   total 131072K, used 106359K [0x0000000080000000, 0x0000000100000000)
  region size 1024K, 50 young (51200K), 6 survivors (6144K)
 Metaspace       used 44183K, capacity 45466K, committed 45692K, reserved 1089536K
  class space    used 5664K, capacity 6121K, committed 6144K, reserved 1048576K
}
Event: 5.432 GC heap after
{Heap after GC invocations=11 (full 0):
 garbage-first heap   total 157696K, used 67435K [0x0000000080000000, 0x0000000100000000)
  region size 1024K, 5 young (5120K), 5 survivors (5120K)
 Metaspace       used 44183K, capacity 45466K, committed 45692K, reserved 1089536K
  class space    used 5664K, capacity 6121K, committed 6144K, reserved 1048576K
}
Event: 5.979 GC heap before
{Heap before GC invocations=12 (full 0):
 garbage-first heap   total 157696K, used 118635K [0x0000000080000000, 0x0000000100000000)
  region size 1024K, 51 young (52224K), 5 survivors (5120K)
 Metaspace       used 46861K, capacity 48246K, committed 48252K, reserved 1091584K
  class space    used 5927K, capacity 6400K, committed 6400K, reserved 1048576K
}
Event: 5.986 GC heap after
{Heap after GC invocations=13 (full 0):
 garbage-first heap   total 157696K, used 74366K [0x0000000080000000, 0x0000000100000000)
  region size 1024K, 5 young (5120K), 5 survivors (5120K)
 Metaspace       used 46861K, capacity 48246K, committed 48252K, reserved 1091584K
  class space    used 5927K, capacity 6400K, committed 6400K, reserved 1048576K
}
Event: 6.201 GC heap before
{Heap before GC invocations=13 (full 0):
 garbage-first heap   total 157696K, used 92798K [0x0000000080000000, 0x0000000100000000)
  region size 1024K, 24 young (24576K), 5 survivors (5120K)
 Metaspace       used 48155K, capacity 49564K, committed 49660K, reserved 1091584K
  class space    used 6139K, capacity 6690K, committed 6784K, reserved 1048576K
}
Event: 6.207 GC heap after
{Heap after GC invocations=14 (full 0):
 garbage-first heap   total 157696K, used 75855K [0x0000000080000000, 0x0000000100000000)
  region size 1024K, 2 young (2048K), 2 survivors (2048K)
 Metaspace       used 48155K, capacity 49564K, committed 49660K, reserved 1091584K
  class space    used 6139K, capacity 6690K, committed 6784K, reserved 1048576K
}
Event: 6.767 GC heap before
{Heap before GC invocations=15 (full 0):
 garbage-first heap   total 157696K, used 128079K [0x0000000080000000, 0x0000000100000000)
  region size 1024K, 48 young (49152K), 2 survivors (2048K)
 Metaspace       used 51278K, capacity 52853K, committed 52988K, reserved 1095680K
  class space    used 6618K, capacity 7254K, committed 7296K, reserved 1048576K
}
Event: 6.771 GC heap after
{Heap after GC invocations=16 (full 0):
 garbage-first heap   total 157696K, used 83870K [0x0000000080000000, 0x0000000100000000)
  region size 1024K, 5 young (5120K), 5 survivors (5120K)
 Metaspace       used 51278K, capacity 52853K, committed 52988K, reserved 1095680K
  class space    used 6618K, capacity 7254K, committed 7296K, reserved 1048576K
}
Event: 7.139 GC heap before
{Heap before GC invocations=16 (full 0):
 garbage-first heap   total 157696K, used 116638K [0x0000000080000000, 0x0000000100000000)
  region size 1024K, 39 young (39936K), 5 survivors (5120K)
 Metaspace       used 52103K, capacity 53750K, committed 53884K, reserved 1095680K
  class space    used 6694K, capacity 7329K, committed 7424K, reserved 1048576K
}
Event: 7.147 GC heap after
{Heap after GC invocations=17 (full 0):
 garbage-first heap   total 157696K, used 87607K [0x0000000080000000, 0x0000000100000000)
  region size 1024K, 6 young (6144K), 6 survivors (6144K)
 Metaspace       used 52103K, capacity 53750K, committed 53884K, reserved 1095680K
  class space    used 6694K, capacity 7329K, committed 7424K, reserved 1048576K
}
Event: 7.249 GC heap before
{Heap before GC invocations=18 (full 0):
 garbage-first heap   total 157696K, used 97847K [0x0000000080000000, 0x0000000100000000)
  region size 1024K, 14 young (14336K), 6 survivors (6144K)
 Metaspace       used 52545K, capacity 54292K, committed 54396K, reserved 1095680K
  class space    used 6761K, capacity 7403K, committed 7424K, reserved 1048576K
}
Event: 7.255 GC heap after
{Heap after GC invocations=19 (full 0):
 garbage-first heap   total 157696K, used 94189K [0x0000000080000000, 0x0000000100000000)
  region size 1024K, 4 young (4096K), 4 survivors (4096K)
 Metaspace       used 52545K, capacity 54292K, committed 54396K, reserved 1095680K
  class space    used 6761K, capacity 7403K, committed 7424K, reserved 1048576K
}
Event: 7.550 GC heap before
{Heap before GC invocations=20 (full 0):
 garbage-first heap   total 157696K, used 123885K [0x0000000080000000, 0x0000000100000000)
  region size 1024K, 30 young (30720K), 4 survivors (4096K)
 Metaspace       used 55277K, capacity 57074K, committed 57212K, reserved 1099776K
  class space    used 7110K, capacity 7820K, committed 7936K, reserved 1048576K
}

