# JRE version: OpenJDK Runtime Environment (11.0.15) (build 11.0.15+0-b2043.56-9505619)
# Java VM: OpenJDK 64-Bit Server VM (11.0.15+0-b2043.56-9505619, mixed mode, tiered, compressed oops, g1 gc, windows-amd64)
Heap:
 garbage-first heap   total 273408K, used 126529K [0x0000000080000000, 0x0000000100000000)
  region size 1024K, 7 young (7168K), 7 survivors (7168K)
 Metaspace       used 84053K, capacity 86386K, committed 86524K, reserved 1124352K
  class space    used 11002K, capacity 11878K, committed 11904K, reserved 1048576K
GC Heap History (20 events):
Event: 9.119 GC heap after
{Heap after GC invocations=26 (full 0):
 garbage-first heap   total 189440K, used 100995K [0x0000000080000000, 0x0000000100000000)
  region size 1024K, 6 young (6144K), 6 survivors (6144K)
 Metaspace       used 57521K, capacity 59348K, committed 59516K, reserved 1101824K
  class space    used 7427K, capacity 8127K, committed 8192K, reserved 1048576K
}
Event: 9.652 GC heap before
{Heap before GC invocations=27 (full 0):
 garbage-first heap   total 189440K, used 134787K [0x0000000080000000, 0x0000000100000000)
  region size 1024K, 38 young (38912K), 6 survivors (6144K)
 Metaspace       used 61335K, capacity 63216K, committed 63356K, reserved 1103872K
  class space    used 7906K, capacity 8646K, committed 8704K, reserved 1048576K
}
Event: 9.655 GC heap after
{Heap after GC invocations=28 (full 0):
 garbage-first heap   total 189440K, used 103063K [0x0000000080000000, 0x0000000100000000)
  region size 1024K, 4 young (4096K), 4 survivors (4096K)
 Metaspace       used 61335K, capacity 63216K, committed 63356K, reserved 1103872K
  class space    used 7906K, capacity 8646K, committed 8704K, reserved 1048576K
}
Event: 10.323 GC heap before
{Heap before GC invocations=28 (full 0):
 garbage-first heap   total 189440K, used 137879K [0x0000000080000000, 0x0000000100000000)
  region size 1024K, 38 young (38912K), 4 survivors (4096K)
 Metaspace       used 67060K, capacity 69016K, committed 69244K, reserved 1110016K
  class space    used 8620K, capacity 9435K, committed 9472K, reserved 1048576K
}
Event: 10.330 GC heap after
{Heap after GC invocations=29 (full 0):
 garbage-first heap   total 189440K, used 105917K [0x0000000080000000, 0x0000000100000000)
  region size 1024K, 5 young (5120K), 5 survivors (5120K)
 Metaspace       used 67060K, capacity 69016K, committed 69244K, reserved 1110016K
  class space    used 8620K, capacity 9435K, committed 9472K, reserved 1048576K
}
Event: 10.418 GC heap before
{Heap before GC invocations=30 (full 0):
 garbage-first heap   total 189440K, used 107965K [0x0000000080000000, 0x0000000100000000)
  region size 1024K, 8 young (8192K), 5 survivors (5120K)
 Metaspace       used 67339K, capacity 69292K, committed 69500K, reserved 1110016K
  class space    used 8649K, capacity 9463K, committed 9472K, reserved 1048576K
}
Event: 10.423 GC heap after
{Heap after GC invocations=31 (full 0):
 garbage-first heap   total 189440K, used 106308K [0x0000000080000000, 0x0000000100000000)
  region size 1024K, 2 young (2048K), 2 survivors (2048K)
 Metaspace       used 67339K, capacity 69292K, committed 69500K, reserved 1110016K
  class space    used 8649K, capacity 9463K, committed 9472K, reserved 1048576K
}
Event: 10.726 GC heap before
{Heap before GC invocations=32 (full 0):
 garbage-first heap   total 189440K, used 139076K [0x0000000080000000, 0x0000000100000000)
  region size 1024K, 28 young (28672K), 2 survivors (2048K)
 Metaspace       used 68767K, capacity 70766K, committed 71036K, reserved 1110016K
  class space    used 8835K, capacity 9628K, committed 9728K, reserved 1048576K
}
Event: 10.730 GC heap after
{Heap after GC invocations=33 (full 0):
 garbage-first heap   total 227328K, used 108334K [0x0000000080000000, 0x0000000100000000)
  region size 1024K, 4 young (4096K), 4 survivors (4096K)
 Metaspace       used 68767K, capacity 70766K, committed 71036K, reserved 1110016K
  class space    used 8835K, capacity 9628K, committed 9728K, reserved 1048576K
}
Event: 11.095 GC heap before
{Heap before GC invocations=33 (full 0):
 garbage-first heap   total 227328K, used 141102K [0x0000000080000000, 0x0000000100000000)
  region size 1024K, 37 young (37888K), 4 survivors (4096K)
 Metaspace       used 71192K, capacity 73231K, committed 73340K, reserved 1112064K
  class space    used 9146K, capacity 9931K, committed 9984K, reserved 1048576K
}
Event: 11.101 GC heap after
{Heap after GC invocations=34 (full 0):
 garbage-first heap   total 227328K, used 110622K [0x0000000080000000, 0x0000000100000000)
  region size 1024K, 6 young (6144K), 6 survivors (6144K)
 Metaspace       used 71192K, capacity 73231K, committed 73340K, reserved 1112064K
  class space    used 9146K, capacity 9931K, committed 9984K, reserved 1048576K
}
Event: 11.662 GC heap before
{Heap before GC invocations=35 (full 0):
 garbage-first heap   total 227328K, used 158750K [0x0000000080000000, 0x0000000100000000)
  region size 1024K, 52 young (53248K), 6 survivors (6144K)
 Metaspace       used 74486K, capacity 76478K, committed 76668K, reserved 1116160K
  class space    used 9570K, capacity 10387K, committed 10496K, reserved 1048576K
}
Event: 11.668 GC heap after
{Heap after GC invocations=36 (full 0):
 garbage-first heap   total 227328K, used 113219K [0x0000000080000000, 0x0000000100000000)
  region size 1024K, 5 young (5120K), 5 survivors (5120K)
 Metaspace       used 74486K, capacity 76478K, committed 76668K, reserved 1116160K
  class space    used 9570K, capacity 10387K, committed 10496K, reserved 1048576K
}
Event: 12.055 GC heap before
{Heap before GC invocations=36 (full 0):
 garbage-first heap   total 227328K, used 163395K [0x0000000080000000, 0x0000000100000000)
  region size 1024K, 55 young (56320K), 5 survivors (5120K)
 Metaspace       used 75444K, capacity 77543K, committed 77820K, reserved 1116160K
  class space    used 9664K, capacity 10506K, committed 10624K, reserved 1048576K
}
Event: 12.065 GC heap after
{Heap after GC invocations=37 (full 0):
 garbage-first heap   total 227328K, used 116804K [0x0000000080000000, 0x0000000100000000)
  region size 1024K, 7 young (7168K), 7 survivors (7168K)
 Metaspace       used 75444K, capacity 77543K, committed 77820K, reserved 1116160K
  class space    used 9664K, capacity 10506K, committed 10624K, reserved 1048576K
}
Event: 12.797 GC heap before
{Heap before GC invocations=38 (full 0):
 garbage-first heap   total 227328K, used 169028K [0x0000000080000000, 0x0000000100000000)
  region size 1024K, 58 young (59392K), 7 survivors (7168K)
 Metaspace       used 80364K, capacity 82573K, committed 82684K, reserved 1120256K
  class space    used 10503K, capacity 11365K, committed 11392K, reserved 1048576K
}
Event: 12.807 GC heap after
{Heap after GC invocations=39 (full 0):
 garbage-first heap   total 227328K, used 119639K [0x0000000080000000, 0x0000000100000000)
  region size 1024K, 7 young (7168K), 7 survivors (7168K)
 Metaspace       used 80364K, capacity 82573K, committed 82684K, reserved 1120256K
  class space    used 10503K, capacity 11365K, committed 11392K, reserved 1048576K
}
Event: 13.257 GC heap before
{Heap before GC invocations=39 (full 0):
 garbage-first heap   total 227328K, used 173911K [0x0000000080000000, 0x0000000100000000)
  region size 1024K, 60 young (61440K), 7 survivors (7168K)
 Metaspace       used 82811K, capacity 85137K, committed 85372K, reserved 1122304K
  class space    used 10843K, capacity 11741K, committed 11776K, reserved 1048576K
}
Event: 13.265 GC heap after
{Heap after GC invocations=40 (full 0):
 garbage-first heap   total 227328K, used 123483K [0x0000000080000000, 0x0000000100000000)
  region size 1024K, 7 young (7168K), 7 survivors (7168K)
 Metaspace       used 82811K, capacity 85137K, committed 85372K, reserved 1122304K
  class space    used 10843K, capacity 11741K, committed 11776K, reserved 1048576K
}
Event: 13.479 GC heap before
{Heap before GC invocations=41 (full 0):
 garbage-first heap   total 227328K, used 134747K [0x0000000080000000, 0x0000000100000000)
  region size 1024K, 20 young (20480K), 7 survivors (7168K)
 Metaspace       used 84053K, capacity 86386K, committed 86524K, reserved 1124352K
  class space    used 11002K, capacity 11878K, committed 11904K, reserved 1048576K
}

