# JRE version: OpenJDK Runtime Environment (11.0.15) (build 11.0.15+0-b2043.56-9505619)
# Java VM: OpenJDK 64-Bit Server VM (11.0.15+0-b2043.56-9505619, mixed mode, tiered, compressed oops, g1 gc, windows-amd64)
Heap:
 garbage-first heap   total 157696K, used 100474K [0x0000000080000000, 0x0000000100000000)
  region size 1024K, 43 young (44032K), 2 survivors (2048K)
 Metaspace       used 62540K, capacity 64226K, committed 64552K, reserved 1105920K
  class space    used 7933K, capacity 8588K, committed 8728K, reserved 1048576K
GC Heap History (20 events):
Event: 2.601 GC heap before
{Heap before GC invocations=1 (full 0):
 garbage-first heap   total 131072K, used 84829K [0x0000000080000000, 0x0000000100000000)
  region size 1024K, 76 young (77824K), 3 survivors (3072K)
 Metaspace       used 18335K, capacity 18732K, committed 19072K, reserved 1067008K
  class space    used 2161K, capacity 2315K, committed 2432K, reserved 1048576K
}
Event: 2.610 GC heap after
{Heap after GC invocations=2 (full 0):
 garbage-first heap   total 131072K, used 16120K [0x0000000080000000, 0x0000000100000000)
  region size 1024K, 10 young (10240K), 10 survivors (10240K)
 Metaspace       used 18335K, capacity 18732K, committed 19072K, reserved 1067008K
  class space    used 2161K, capacity 2315K, committed 2432K, reserved 1048576K
}
Event: 2.823 GC heap before
{Heap before GC invocations=2 (full 0):
 garbage-first heap   total 131072K, used 38648K [0x0000000080000000, 0x0000000100000000)
  region size 1024K, 33 young (33792K), 10 survivors (10240K)
 Metaspace       used 20756K, capacity 21188K, committed 21296K, reserved 1069056K
  class space    used 2521K, capacity 2685K, committed 2688K, reserved 1048576K
}
Event: 2.831 GC heap after
{Heap after GC invocations=3 (full 0):
 garbage-first heap   total 131072K, used 17033K [0x0000000080000000, 0x0000000100000000)
  region size 1024K, 2 young (2048K), 2 survivors (2048K)
 Metaspace       used 20756K, capacity 21188K, committed 21296K, reserved 1069056K
  class space    used 2521K, capacity 2685K, committed 2688K, reserved 1048576K
}
Event: 3.424 GC heap before
{Heap before GC invocations=4 (full 0):
 garbage-first heap   total 131072K, used 68233K [0x0000000080000000, 0x0000000100000000)
  region size 1024K, 52 young (53248K), 2 survivors (2048K)
 Metaspace       used 26183K, capacity 26782K, committed 26876K, reserved 1073152K
  class space    used 3402K, capacity 3623K, committed 3660K, reserved 1048576K
}
Event: 3.427 GC heap after
{Heap after GC invocations=5 (full 0):
 garbage-first heap   total 131072K, used 18686K [0x0000000080000000, 0x0000000100000000)
  region size 1024K, 3 young (3072K), 3 survivors (3072K)
 Metaspace       used 26183K, capacity 26782K, committed 26876K, reserved 1073152K
  class space    used 3402K, capacity 3623K, committed 3660K, reserved 1048576K
}
Event: 4.144 GC heap before
{Heap before GC invocations=5 (full 0):
 garbage-first heap   total 131072K, used 78078K [0x0000000080000000, 0x0000000100000000)
  region size 1024K, 61 young (62464K), 3 survivors (3072K)
 Metaspace       used 32260K, capacity 33040K, committed 33276K, reserved 1077248K
  class space    used 4333K, capacity 4651K, committed 4684K, reserved 1048576K
}
Event: 4.149 GC heap after
{Heap after GC invocations=6 (full 0):
 garbage-first heap   total 131072K, used 20486K [0x0000000080000000, 0x0000000100000000)
  region size 1024K, 5 young (5120K), 5 survivors (5120K)
 Metaspace       used 32260K, capacity 33040K, committed 33276K, reserved 1077248K
  class space    used 4333K, capacity 4651K, committed 4684K, reserved 1048576K
}
Event: 4.418 GC heap before
{Heap before GC invocations=6 (full 0):
 garbage-first heap   total 131072K, used 30726K [0x0000000080000000, 0x0000000100000000)
  region size 1024K, 16 young (16384K), 5 survivors (5120K)
 Metaspace       used 35084K, capacity 35962K, committed 36048K, reserved 1081344K
  class space    used 4566K, capacity 4923K, committed 4940K, reserved 1048576K
}
Event: 4.428 GC heap after
{Heap after GC invocations=7 (full 0):
 garbage-first heap   total 131072K, used 22239K [0x0000000080000000, 0x0000000100000000)
  region size 1024K, 7 young (7168K), 7 survivors (7168K)
 Metaspace       used 35084K, capacity 35962K, committed 36048K, reserved 1081344K
  class space    used 4566K, capacity 4923K, committed 4940K, reserved 1048576K
}
Event: 5.084 GC heap before
{Heap before GC invocations=8 (full 0):
 garbage-first heap   total 131072K, used 80607K [0x0000000080000000, 0x0000000100000000)
  region size 1024K, 62 young (63488K), 7 survivors (7168K)
 Metaspace       used 40605K, capacity 41559K, committed 41884K, reserved 1085440K
  class space    used 5134K, capacity 5523K, committed 5656K, reserved 1048576K
}
Event: 5.094 GC heap after
{Heap after GC invocations=9 (full 0):
 garbage-first heap   total 131072K, used 27215K [0x0000000080000000, 0x0000000100000000)
  region size 1024K, 8 young (8192K), 8 survivors (8192K)
 Metaspace       used 40605K, capacity 41559K, committed 41884K, reserved 1085440K
  class space    used 5134K, capacity 5523K, committed 5656K, reserved 1048576K
}
Event: 5.677 GC heap before
{Heap before GC invocations=9 (full 0):
 garbage-first heap   total 131072K, used 84559K [0x0000000080000000, 0x0000000100000000)
  region size 1024K, 64 young (65536K), 8 survivors (8192K)
 Metaspace       used 45353K, capacity 46519K, committed 46876K, reserved 1089536K
  class space    used 5752K, capacity 6184K, committed 6296K, reserved 1048576K
}
Event: 5.686 GC heap after
{Heap after GC invocations=10 (full 0):
 garbage-first heap   total 157696K, used 31107K [0x0000000080000000, 0x0000000100000000)
  region size 1024K, 4 young (4096K), 4 survivors (4096K)
 Metaspace       used 45353K, capacity 46519K, committed 46876K, reserved 1089536K
  class space    used 5752K, capacity 6184K, committed 6296K, reserved 1048576K
}
Event: 6.431 GC heap before
{Heap before GC invocations=10 (full 0):
 garbage-first heap   total 157696K, used 98691K [0x0000000080000000, 0x0000000100000000)
  region size 1024K, 70 young (71680K), 4 survivors (4096K)
 Metaspace       used 49279K, capacity 50640K, committed 50716K, reserved 1093632K
  class space    used 6283K, capacity 6771K, committed 6808K, reserved 1048576K
}
Event: 6.438 GC heap after
{Heap after GC invocations=11 (full 0):
 garbage-first heap   total 157696K, used 33589K [0x0000000080000000, 0x0000000100000000)
  region size 1024K, 7 young (7168K), 7 survivors (7168K)
 Metaspace       used 49279K, capacity 50640K, committed 50716K, reserved 1093632K
  class space    used 6283K, capacity 6771K, committed 6808K, reserved 1048576K
}
Event: 7.622 GC heap before
{Heap before GC invocations=11 (full 0):
 garbage-first heap   total 157696K, used 109365K [0x0000000080000000, 0x0000000100000000)
  region size 1024K, 75 young (76800K), 7 survivors (7168K)
 Metaspace       used 54537K, capacity 56081K, committed 56348K, reserved 1097728K
  class space    used 6913K, capacity 7499K, committed 7576K, reserved 1048576K
}
Event: 7.631 GC heap after
{Heap after GC invocations=12 (full 0):
 garbage-first heap   total 157696K, used 49867K [0x0000000080000000, 0x0000000100000000)
  region size 1024K, 10 young (10240K), 10 survivors (10240K)
 Metaspace       used 54537K, capacity 56081K, committed 56348K, reserved 1097728K
  class space    used 6913K, capacity 7499K, committed 7576K, reserved 1048576K
}
Event: 8.107 GC heap before
{Heap before GC invocations=12 (full 0):
 garbage-first heap   total 157696K, used 78539K [0x0000000080000000, 0x0000000100000000)
  region size 1024K, 39 young (39936K), 10 survivors (10240K)
 Metaspace       used 58850K, capacity 60444K, committed 60572K, reserved 1101824K
  class space    used 7483K, capacity 8128K, committed 8216K, reserved 1048576K
}
Event: 8.117 GC heap after
{Heap after GC invocations=13 (full 0):
 garbage-first heap   total 157696K, used 52346K [0x0000000080000000, 0x0000000100000000)
  region size 1024K, 2 young (2048K), 2 survivors (2048K)
 Metaspace       used 58850K, capacity 60444K, committed 60572K, reserved 1101824K
  class space    used 7483K, capacity 8128K, committed 8216K, reserved 1048576K
}

