# JRE version: OpenJDK Runtime Environment (11.0.15) (build 11.0.15+0-b2043.56-9505619)
# Java VM: OpenJDK 64-Bit Server VM (11.0.15+0-b2043.56-9505619, mixed mode, tiered, compressed oops, g1 gc, windows-amd64)
Heap:
 garbage-first heap   total 273408K, used 170627K [0x0000000080000000, 0x0000000100000000)
  region size 1024K, 1 young (1024K), 1 survivors (1024K)
 Metaspace       used 81493K, capacity 83991K, committed 84220K, reserved 1122304K
  class space    used 10683K, capacity 11596K, committed 11648K, reserved 1048576K
GC Heap History (20 events):
Event: 8.618 GC heap after
{Heap after GC invocations=26 (full 0):
 garbage-first heap   total 189440K, used 108610K [0x0000000080000000, 0x0000000100000000)
  region size 1024K, 5 young (5120K), 5 survivors (5120K)
 Metaspace       used 62289K, capacity 64231K, committed 64508K, reserved 1105920K
  class space    used 7967K, capacity 8736K, committed 8832K, reserved 1048576K
}
Event: 9.076 GC heap before
{Heap before GC invocations=27 (full 0):
 garbage-first heap   total 189440K, used 145474K [0x0000000080000000, 0x0000000100000000)
  region size 1024K, 39 young (39936K), 5 survivors (5120K)
 Metaspace       used 64951K, capacity 66896K, committed 67068K, reserved 1107968K
  class space    used 8295K, capacity 9036K, committed 9088K, reserved 1048576K
}
Event: 9.081 GC heap after
{Heap after GC invocations=28 (full 0):
 garbage-first heap   total 189440K, used 107167K [0x0000000080000000, 0x0000000100000000)
  region size 1024K, 2 young (2048K), 2 survivors (2048K)
 Metaspace       used 64951K, capacity 66896K, committed 67068K, reserved 1107968K
  class space    used 8295K, capacity 9036K, committed 9088K, reserved 1048576K
}
Event: 9.234 GC heap before
{Heap before GC invocations=28 (full 0):
 garbage-first heap   total 189440K, used 121503K [0x0000000080000000, 0x0000000100000000)
  region size 1024K, 17 young (17408K), 2 survivors (2048K)
 Metaspace       used 66151K, capacity 68137K, committed 68348K, reserved 1107968K
  class space    used 8465K, capacity 9235K, committed 9344K, reserved 1048576K
}
Event: 9.237 GC heap after
{Heap after GC invocations=29 (full 0):
 garbage-first heap   total 189440K, used 108165K [0x0000000080000000, 0x0000000100000000)
  region size 1024K, 3 young (3072K), 3 survivors (3072K)
 Metaspace       used 66151K, capacity 68137K, committed 68348K, reserved 1107968K
  class space    used 8465K, capacity 9235K, committed 9344K, reserved 1048576K
}
Event: 9.660 GC heap before
{Heap before GC invocations=30 (full 0):
 garbage-first heap   total 189440K, used 141957K [0x0000000080000000, 0x0000000100000000)
  region size 1024K, 36 young (36864K), 3 survivors (3072K)
 Metaspace       used 69286K, capacity 71221K, committed 71548K, reserved 1112064K
  class space    used 8856K, capacity 9618K, committed 9728K, reserved 1048576K
}
Event: 9.665 GC heap after
{Heap after GC invocations=31 (full 0):
 garbage-first heap   total 189440K, used 108414K [0x0000000080000000, 0x0000000100000000)
  region size 1024K, 3 young (3072K), 3 survivors (3072K)
 Metaspace       used 69286K, capacity 71221K, committed 71548K, reserved 1112064K
  class space    used 8856K, capacity 9618K, committed 9728K, reserved 1048576K
}
Event: 9.881 GC heap before
{Heap before GC invocations=31 (full 0):
 garbage-first heap   total 189440K, used 143230K [0x0000000080000000, 0x0000000100000000)
  region size 1024K, 37 young (37888K), 3 survivors (3072K)
 Metaspace       used 69556K, capacity 71534K, committed 71804K, reserved 1112064K
  class space    used 8903K, capacity 9700K, committed 9728K, reserved 1048576K
}
Event: 9.889 GC heap after
{Heap after GC invocations=32 (full 0):
 garbage-first heap   total 189440K, used 111068K [0x0000000080000000, 0x0000000100000000)
  region size 1024K, 5 young (5120K), 5 survivors (5120K)
 Metaspace       used 69556K, capacity 71534K, committed 71804K, reserved 1112064K
  class space    used 8903K, capacity 9700K, committed 9728K, reserved 1048576K
}
Event: 10.092 GC heap before
{Heap before GC invocations=33 (full 0):
 garbage-first heap   total 189440K, used 146908K [0x0000000080000000, 0x0000000100000000)
  region size 1024K, 40 young (40960K), 5 survivors (5120K)
 Metaspace       used 69910K, capacity 71892K, committed 72188K, reserved 1112064K
  class space    used 8929K, capacity 9733K, committed 9856K, reserved 1048576K
}
Event: 10.099 GC heap after
{Heap after GC invocations=34 (full 0):
 garbage-first heap   total 189440K, used 113584K [0x0000000080000000, 0x0000000100000000)
  region size 1024K, 3 young (3072K), 3 survivors (3072K)
 Metaspace       used 69910K, capacity 71892K, committed 72188K, reserved 1112064K
  class space    used 8929K, capacity 9733K, committed 9856K, reserved 1048576K
}
Event: 10.588 GC heap before
{Heap before GC invocations=34 (full 0):
 garbage-first heap   total 189440K, used 149424K [0x0000000080000000, 0x0000000100000000)
  region size 1024K, 38 young (38912K), 3 survivors (3072K)
 Metaspace       used 74147K, capacity 76142K, committed 76412K, reserved 1116160K
  class space    used 9658K, capacity 10462K, committed 10496K, reserved 1048576K
}
Event: 10.596 GC heap after
{Heap after GC invocations=35 (full 0):
 garbage-first heap   total 227328K, used 115155K [0x0000000080000000, 0x0000000100000000)
  region size 1024K, 5 young (5120K), 5 survivors (5120K)
 Metaspace       used 74147K, capacity 76142K, committed 76412K, reserved 1116160K
  class space    used 9658K, capacity 10462K, committed 10496K, reserved 1048576K
}
Event: 11.263 GC heap before
{Heap before GC invocations=36 (full 0):
 garbage-first heap   total 227328K, used 165331K [0x0000000080000000, 0x0000000100000000)
  region size 1024K, 54 young (55296K), 5 survivors (5120K)
 Metaspace       used 77151K, capacity 79302K, committed 79484K, reserved 1118208K
  class space    used 10089K, capacity 10927K, committed 11008K, reserved 1048576K
}
Event: 11.271 GC heap after
{Heap after GC invocations=37 (full 0):
 garbage-first heap   total 227328K, used 118826K [0x0000000080000000, 0x0000000100000000)
  region size 1024K, 6 young (6144K), 6 survivors (6144K)
 Metaspace       used 77151K, capacity 79302K, committed 79484K, reserved 1118208K
  class space    used 10089K, capacity 10927K, committed 11008K, reserved 1048576K
}
Event: 11.476 GC heap before
{Heap before GC invocations=37 (full 0):
 garbage-first heap   total 227328K, used 139306K [0x0000000080000000, 0x0000000100000000)
  region size 1024K, 28 young (28672K), 6 survivors (6144K)
 Metaspace       used 78429K, capacity 80479K, committed 80636K, reserved 1118208K
  class space    used 10256K, capacity 11105K, committed 11136K, reserved 1048576K
}
Event: 11.484 GC heap after
{Heap after GC invocations=38 (full 0):
 garbage-first heap   total 227328K, used 122787K [0x0000000080000000, 0x0000000100000000)
  region size 1024K, 8 young (8192K), 8 survivors (8192K)
 Metaspace       used 78429K, capacity 80479K, committed 80636K, reserved 1118208K
  class space    used 10256K, capacity 11105K, committed 11136K, reserved 1048576K
}
Event: 12.232 GC heap before
{Heap before GC invocations=39 (full 0):
 garbage-first heap   total 227328K, used 211875K [0x0000000080000000, 0x0000000100000000)
  region size 1024K, 56 young (57344K), 8 survivors (8192K)
 Metaspace       used 80830K, capacity 83254K, committed 83324K, reserved 1122304K
  class space    used 10577K, capacity 11457K, committed 11520K, reserved 1048576K
}
Event: 12.240 GC heap after
{Heap after GC invocations=40 (full 0):
 garbage-first heap   total 227328K, used 169272K [0x0000000080000000, 0x0000000100000000)
  region size 1024K, 7 young (7168K), 7 survivors (7168K)
 Metaspace       used 80830K, capacity 83254K, committed 83324K, reserved 1122304K
  class space    used 10577K, capacity 11457K, committed 11520K, reserved 1048576K
}
Event: 12.311 GC heap before
{Heap before GC invocations=40 (full 0):
 garbage-first heap   total 227328K, used 194872K [0x0000000080000000, 0x0000000100000000)
  region size 1024K, 32 young (32768K), 7 survivors (7168K)
 Metaspace       used 81493K, capacity 83991K, committed 84220K, reserved 1122304K
  class space    used 10683K, capacity 11596K, committed 11648K, reserved 1048576K
}

