# JRE version: OpenJDK Runtime Environment (11.0.15) (build 11.0.15+0-b2043.56-9505619)
# Java VM: OpenJDK 64-Bit Server VM (11.0.15+0-b2043.56-9505619, mixed mode, tiered, compressed oops, g1 gc, windows-amd64)
Heap:
 garbage-first heap   total 328704K, used 189068K [0x0000000080000000, 0x0000000100000000)
  region size 1024K, 7 young (7168K), 7 survivors (7168K)
 Metaspace       used 97091K, capacity 99968K, committed 100092K, reserved 1136640K
  class space    used 12531K, capacity 13623K, committed 13696K, reserved 1048576K
GC Heap History (20 events):
Event: 8.689 GC heap after
{Heap after GC invocations=31 (full 0):
 garbage-first heap   total 227328K, used 121138K [0x0000000080000000, 0x0000000100000000)
  region size 1024K, 2 young (2048K), 2 survivors (2048K)
 Metaspace       used 66194K, capacity 68200K, committed 68348K, reserved 1107968K
  class space    used 8466K, capacity 9235K, committed 9344K, reserved 1048576K
}
Event: 9.264 GC heap before
{Heap before GC invocations=32 (full 0):
 garbage-first heap   total 227328K, used 173362K [0x0000000080000000, 0x0000000100000000)
  region size 1024K, 52 young (53248K), 2 survivors (2048K)
 Metaspace       used 69522K, capacity 71478K, committed 71548K, reserved 1112064K
  class space    used 8893K, capacity 9660K, committed 9728K, reserved 1048576K
}
Event: 9.268 GC heap after
{Heap after GC invocations=33 (full 0):
 garbage-first heap   total 227328K, used 123461K [0x0000000080000000, 0x0000000100000000)
  region size 1024K, 4 young (4096K), 4 survivors (4096K)
 Metaspace       used 69522K, capacity 71478K, committed 71548K, reserved 1112064K
  class space    used 8893K, capacity 9660K, committed 9728K, reserved 1048576K
}
Event: 9.573 GC heap before
{Heap before GC invocations=33 (full 0):
 garbage-first heap   total 227328K, used 176709K [0x0000000080000000, 0x0000000100000000)
  region size 1024K, 56 young (57344K), 4 survivors (4096K)
 Metaspace       used 69978K, capacity 72021K, committed 72188K, reserved 1112064K
  class space    used 8933K, capacity 9733K, committed 9856K, reserved 1048576K
}
Event: 9.581 GC heap after
{Heap after GC invocations=34 (full 0):
 garbage-first heap   total 227328K, used 126941K [0x0000000080000000, 0x0000000100000000)
  region size 1024K, 7 young (7168K), 7 survivors (7168K)
 Metaspace       used 69978K, capacity 72021K, committed 72188K, reserved 1112064K
  class space    used 8933K, capacity 9733K, committed 9856K, reserved 1048576K
}
Event: 10.388 GC heap before
{Heap before GC invocations=35 (full 0):
 garbage-first heap   total 227328K, used 180189K [0x0000000080000000, 0x0000000100000000)
  region size 1024K, 59 young (60416K), 7 survivors (7168K)
 Metaspace       used 75866K, capacity 77895K, committed 78204K, reserved 1116160K
  class space    used 9896K, capacity 10696K, committed 10752K, reserved 1048576K
}
Event: 10.398 GC heap after
{Heap after GC invocations=36 (full 0):
 garbage-first heap   total 273408K, used 130269K [0x0000000080000000, 0x0000000100000000)
  region size 1024K, 7 young (7168K), 7 survivors (7168K)
 Metaspace       used 75866K, capacity 77895K, committed 78204K, reserved 1116160K
  class space    used 9896K, capacity 10696K, committed 10752K, reserved 1048576K
}
Event: 10.895 GC heap before
{Heap before GC invocations=36 (full 0):
 garbage-first heap   total 273408K, used 182493K [0x0000000080000000, 0x0000000100000000)
  region size 1024K, 59 young (60416K), 7 survivors (7168K)
 Metaspace       used 78439K, capacity 80479K, committed 80636K, reserved 1118208K
  class space    used 10257K, capacity 11105K, committed 11136K, reserved 1048576K
}
Event: 10.903 GC heap after
{Heap after GC invocations=37 (full 0):
 garbage-first heap   total 273408K, used 135436K [0x0000000080000000, 0x0000000100000000)
  region size 1024K, 9 young (9216K), 9 survivors (9216K)
 Metaspace       used 78439K, capacity 80479K, committed 80636K, reserved 1118208K
  class space    used 10257K, capacity 11105K, committed 11136K, reserved 1048576K
}
Event: 11.369 GC heap before
{Heap before GC invocations=38 (full 0):
 garbage-first heap   total 273408K, used 235788K [0x0000000080000000, 0x0000000100000000)
  region size 1024K, 81 young (82944K), 9 survivors (9216K)
 Metaspace       used 81319K, capacity 83711K, committed 83964K, reserved 1122304K
  class space    used 10669K, capacity 11550K, committed 11648K, reserved 1048576K
}
Event: 11.380 GC heap after
{Heap after GC invocations=39 (full 0):
 garbage-first heap   total 273408K, used 169265K [0x0000000080000000, 0x0000000100000000)
  region size 1024K, 11 young (11264K), 11 survivors (11264K)
 Metaspace       used 81319K, capacity 83711K, committed 83964K, reserved 1122304K
  class space    used 10669K, capacity 11550K, committed 11648K, reserved 1048576K
}
Event: 11.614 GC heap before
{Heap before GC invocations=39 (full 0):
 garbage-first heap   total 273408K, used 197937K [0x0000000080000000, 0x0000000100000000)
  region size 1024K, 41 young (41984K), 11 survivors (11264K)
 Metaspace       used 82457K, capacity 84953K, committed 85116K, reserved 1122304K
  class space    used 10783K, capacity 11724K, committed 11776K, reserved 1048576K
}
Event: 11.626 GC heap after
{Heap after GC invocations=40 (full 0):
 garbage-first heap   total 273408K, used 171303K [0x0000000080000000, 0x0000000100000000)
  region size 1024K, 3 young (3072K), 3 survivors (3072K)
 Metaspace       used 82457K, capacity 84953K, committed 85116K, reserved 1122304K
  class space    used 10783K, capacity 11724K, committed 11776K, reserved 1048576K
}
Event: 12.325 GC heap before
{Heap before GC invocations=41 (full 0):
 garbage-first heap   total 273408K, used 221479K [0x0000000080000000, 0x0000000100000000)
  region size 1024K, 51 young (52224K), 3 survivors (3072K)
 Metaspace       used 88787K, capacity 91380K, committed 91644K, reserved 1128448K
  class space    used 11568K, capacity 12552K, committed 12672K, reserved 1048576K
}
Event: 12.330 GC heap after
{Heap after GC invocations=42 (full 0):
 garbage-first heap   total 273408K, used 172153K [0x0000000080000000, 0x0000000100000000)
  region size 1024K, 4 young (4096K), 4 survivors (4096K)
 Metaspace       used 88787K, capacity 91380K, committed 91644K, reserved 1128448K
  class space    used 11568K, capacity 12552K, committed 12672K, reserved 1048576K
}
Event: 12.911 GC heap before
{Heap before GC invocations=42 (full 0):
 garbage-first heap   total 273408K, used 222329K [0x0000000080000000, 0x0000000100000000)
  region size 1024K, 53 young (54272K), 4 survivors (4096K)
 Metaspace       used 92519K, capacity 95360K, committed 95484K, reserved 1132544K
  class space    used 12126K, capacity 13162K, committed 13184K, reserved 1048576K
}
Event: 12.919 GC heap after
{Heap after GC invocations=43 (full 0):
 garbage-first heap   total 273408K, used 175551K [0x0000000080000000, 0x0000000100000000)
  region size 1024K, 7 young (7168K), 7 survivors (7168K)
 Metaspace       used 92519K, capacity 95360K, committed 95484K, reserved 1132544K
  class space    used 12126K, capacity 13162K, committed 13184K, reserved 1048576K
}
Event: 13.806 GC heap before
{Heap before GC invocations=44 (full 0):
 garbage-first heap   total 273408K, used 224703K [0x0000000080000000, 0x0000000100000000)
  region size 1024K, 56 young (57344K), 7 survivors (7168K)
 Metaspace       used 96604K, capacity 99423K, committed 99580K, reserved 1134592K
  class space    used 12495K, capacity 13576K, committed 13696K, reserved 1048576K
}
Event: 13.819 GC heap after
{Heap after GC invocations=45 (full 0):
 garbage-first heap   total 273408K, used 182090K [0x0000000080000000, 0x0000000100000000)
  region size 1024K, 7 young (7168K), 7 survivors (7168K)
 Metaspace       used 96604K, capacity 99423K, committed 99580K, reserved 1134592K
  class space    used 12495K, capacity 13576K, committed 13696K, reserved 1048576K
}
Event: 14.138 GC heap before
{Heap before GC invocations=45 (full 0):
 garbage-first heap   total 273408K, used 227146K [0x0000000080000000, 0x0000000100000000)
  region size 1024K, 52 young (53248K), 7 survivors (7168K)
 Metaspace       used 97091K, capacity 99968K, committed 100092K, reserved 1136640K
  class space    used 12531K, capacity 13623K, committed 13696K, reserved 1048576K
}

