# JRE version: OpenJDK Runtime Environment (11.0.15) (build 11.0.15+0-b2043.56-9505619)
# Java VM: OpenJDK 64-Bit Server VM (11.0.15+0-b2043.56-9505619, mixed mode, tiered, compressed oops, g1 gc, windows-amd64)
Heap:
 garbage-first heap   total 604160K, used 262135K [0x0000000080000000, 0x0000000100000000)
  region size 1024K, 2 young (2048K), 2 survivors (2048K)
 Metaspace       used 101493K, capacity 104349K, committed 104744K, reserved 1140736K
  class space    used 13180K, capacity 14258K, committed 14336K, reserved 1048576K
GC Heap History (20 events):
Event: 15.889 GC heap after
{Heap after GC invocations=29 (full 0):
 garbage-first heap   total 227328K, used 108993K [0x0000000080000000, 0x0000000100000000)
  region size 1024K, 4 young (4096K), 4 survivors (4096K)
 Metaspace       used 95027K, capacity 97701K, committed 97960K, reserved 1134592K
  class space    used 12380K, capacity 13414K, committed 13440K, reserved 1048576K
}
Event: 16.253 GC heap before
{Heap before GC invocations=29 (full 0):
 garbage-first heap   total 227328K, used 179649K [0x0000000080000000, 0x0000000100000000)
  region size 1024K, 74 young (75776K), 4 survivors (4096K)
 Metaspace       used 96819K, capacity 99611K, committed 99752K, reserved 1136640K
  class space    used 12620K, capacity 13664K, committed 13696K, reserved 1048576K
}
Event: 16.263 GC heap after
{Heap after GC invocations=30 (full 0):
 garbage-first heap   total 227328K, used 113410K [0x0000000080000000, 0x0000000100000000)
  region size 1024K, 9 young (9216K), 9 survivors (9216K)
 Metaspace       used 96819K, capacity 99611K, committed 99752K, reserved 1136640K
  class space    used 12620K, capacity 13664K, committed 13696K, reserved 1048576K
}
Event: 16.764 GC heap before
{Heap before GC invocations=31 (full 0):
 garbage-first heap   total 227328K, used 182018K [0x0000000080000000, 0x0000000100000000)
  region size 1024K, 77 young (78848K), 9 survivors (9216K)
 Metaspace       used 98125K, capacity 101017K, committed 101544K, reserved 1136640K
  class space    used 12705K, capacity 13787K, committed 13952K, reserved 1048576K
}
Event: 16.775 GC heap after
{Heap after GC invocations=32 (full 0):
 garbage-first heap   total 227328K, used 117432K [0x0000000080000000, 0x0000000100000000)
  region size 1024K, 9 young (9216K), 9 survivors (9216K)
 Metaspace       used 98125K, capacity 101017K, committed 101544K, reserved 1136640K
  class space    used 12705K, capacity 13787K, committed 13952K, reserved 1048576K
}
Event: 16.835 GC heap before
{Heap before GC invocations=32 (full 0):
 garbage-first heap   total 227328K, used 120504K [0x0000000080000000, 0x0000000100000000)
  region size 1024K, 14 young (14336K), 9 survivors (9216K)
 Metaspace       used 98306K, capacity 101143K, committed 101544K, reserved 1136640K
  class space    used 12727K, capacity 13805K, committed 13952K, reserved 1048576K
}
Event: 16.845 GC heap after
{Heap after GC invocations=33 (full 0):
 garbage-first heap   total 273408K, used 118983K [0x0000000080000000, 0x0000000100000000)
  region size 1024K, 2 young (2048K), 2 survivors (2048K)
 Metaspace       used 98306K, capacity 101143K, committed 101544K, reserved 1136640K
  class space    used 12727K, capacity 13805K, committed 13952K, reserved 1048576K
}
Event: 17.060 GC heap before
{Heap before GC invocations=34 (full 0):
 garbage-first heap   total 273408K, used 161991K [0x0000000080000000, 0x0000000100000000)
  region size 1024K, 7 young (7168K), 2 survivors (2048K)
 Metaspace       used 98307K, capacity 101143K, committed 101544K, reserved 1136640K
  class space    used 12727K, capacity 13805K, committed 13952K, reserved 1048576K
}
Event: 17.063 GC heap after
{Heap after GC invocations=35 (full 0):
 garbage-first heap   total 273408K, used 162270K [0x0000000080000000, 0x0000000100000000)
  region size 1024K, 6 young (6144K), 6 survivors (6144K)
 Metaspace       used 98307K, capacity 101143K, committed 101544K, reserved 1136640K
  class space    used 12727K, capacity 13805K, committed 13952K, reserved 1048576K
}
Event: 17.764 GC heap before
{Heap before GC invocations=36 (full 0):
 garbage-first heap   total 273408K, used 191966K [0x0000000080000000, 0x0000000100000000)
  region size 1024K, 23 young (23552K), 6 survivors (6144K)
 Metaspace       used 101210K, capacity 104117K, committed 104488K, reserved 1140736K
  class space    used 13136K, capacity 14224K, committed 14336K, reserved 1048576K
}
Event: 17.942 GC heap after
{Heap after GC invocations=37 (full 0):
 garbage-first heap   total 273408K, used 182132K [0x0000000080000000, 0x0000000100000000)
  region size 1024K, 5 young (5120K), 5 survivors (5120K)
 Metaspace       used 101210K, capacity 104117K, committed 104488K, reserved 1140736K
  class space    used 13136K, capacity 14224K, committed 14336K, reserved 1048576K
}
Event: 18.386 GC heap before
{Heap before GC invocations=38 (full 0):
 garbage-first heap   total 302080K, used 281460K [0x0000000080000000, 0x0000000100000000)
  region size 1024K, 14 young (14336K), 5 survivors (5120K)
 Metaspace       used 101214K, capacity 104117K, committed 104488K, reserved 1140736K
  class space    used 13136K, capacity 14224K, committed 14336K, reserved 1048576K
}
Event: 18.396 GC heap after
{Heap after GC invocations=39 (full 0):
 garbage-first heap   total 302080K, used 223290K [0x0000000080000000, 0x0000000100000000)
  region size 1024K, 4 young (4096K), 4 survivors (4096K)
 Metaspace       used 101214K, capacity 104117K, committed 104488K, reserved 1140736K
  class space    used 13136K, capacity 14224K, committed 14336K, reserved 1048576K
}
Event: 18.469 GC heap before
{Heap before GC invocations=39 (full 0):
 garbage-first heap   total 302080K, used 283706K [0x0000000080000000, 0x0000000100000000)
  region size 1024K, 23 young (23552K), 4 survivors (4096K)
 Metaspace       used 101253K, capacity 104117K, committed 104488K, reserved 1140736K
  class space    used 13146K, capacity 14224K, committed 14336K, reserved 1048576K
}
Event: 18.472 GC heap after
{Heap after GC invocations=40 (full 0):
 garbage-first heap   total 302080K, used 246970K [0x0000000080000000, 0x0000000100000000)
  region size 1024K, 3 young (3072K), 3 survivors (3072K)
 Metaspace       used 101253K, capacity 104117K, committed 104488K, reserved 1140736K
  class space    used 13146K, capacity 14224K, committed 14336K, reserved 1048576K
}
Event: 18.713 GC heap before
{Heap before GC invocations=41 (full 0):
 garbage-first heap   total 302080K, used 257210K [0x0000000080000000, 0x0000000100000000)
  region size 1024K, 14 young (14336K), 3 survivors (3072K)
 Metaspace       used 101490K, capacity 104349K, committed 104744K, reserved 1140736K
  class space    used 13180K, capacity 14258K, committed 14336K, reserved 1048576K
}
Event: 18.720 GC heap after
{Heap after GC invocations=42 (full 0):
 garbage-first heap   total 302080K, used 252131K [0x0000000080000000, 0x0000000100000000)
  region size 1024K, 2 young (2048K), 2 survivors (2048K)
 Metaspace       used 101490K, capacity 104349K, committed 104744K, reserved 1140736K
  class space    used 13180K, capacity 14258K, committed 14336K, reserved 1048576K
}
Event: 18.847 GC heap before
{Heap before GC invocations=42 (full 0):
 garbage-first heap   total 302080K, used 263395K [0x0000000080000000, 0x0000000100000000)
  region size 1024K, 14 young (14336K), 2 survivors (2048K)
 Metaspace       used 101491K, capacity 104349K, committed 104744K, reserved 1140736K
  class space    used 13180K, capacity 14258K, committed 14336K, reserved 1048576K
}
Event: 18.857 GC heap after
{Heap after GC invocations=43 (full 0):
 garbage-first heap   total 302080K, used 256843K [0x0000000080000000, 0x0000000100000000)
  region size 1024K, 2 young (2048K), 2 survivors (2048K)
 Metaspace       used 101491K, capacity 104349K, committed 104744K, reserved 1140736K
  class space    used 13180K, capacity 14258K, committed 14336K, reserved 1048576K
}
Event: 19.049 GC heap before
{Heap before GC invocations=43 (full 0):
 garbage-first heap   total 302080K, used 268107K [0x0000000080000000, 0x0000000100000000)
  region size 1024K, 14 young (14336K), 2 survivors (2048K)
 Metaspace       used 101493K, capacity 104349K, committed 104744K, reserved 1140736K
  class space    used 13180K, capacity 14258K, committed 14336K, reserved 1048576K
}

