# JRE version: OpenJDK Runtime Environment (11.0.15) (build 11.0.15+0-b2043.56-9505619)
# Java VM: OpenJDK 64-Bit Server VM (11.0.15+0-b2043.56-9505619, mixed mode, tiered, compressed oops, g1 gc, windows-amd64)
Heap:
 garbage-first heap   total 189440K, used 62625K [0x0000000080000000, 0x0000000100000000)
  region size 1024K, 4 young (4096K), 4 survivors (4096K)
 Metaspace       used 67695K, capacity 69458K, committed 69660K, reserved 1110016K
  class space    used 8608K, capacity 9294K, committed 9344K, reserved 1048576K
GC Heap History (20 events):
Event: 2.236 GC heap after
{Heap after GC invocations=2 (full 0):
 garbage-first heap   total 131072K, used 16571K [0x0000000080000000, 0x0000000100000000)
  region size 1024K, 10 young (10240K), 10 survivors (10240K)
 Metaspace       used 18322K, capacity 18731K, committed 19072K, reserved 1067008K
  class space    used 2160K, capacity 2315K, committed 2432K, reserved 1048576K
}
Event: 2.434 GC heap before
{Heap before GC invocations=2 (full 0):
 garbage-first heap   total 131072K, used 39099K [0x0000000080000000, 0x0000000100000000)
  region size 1024K, 33 young (33792K), 10 survivors (10240K)
 Metaspace       used 20802K, capacity 21189K, committed 21296K, reserved 1069056K
  class space    used 2524K, capacity 2687K, committed 2688K, reserved 1048576K
}
Event: 2.443 GC heap after
{Heap after GC invocations=3 (full 0):
 garbage-first heap   total 131072K, used 17718K [0x0000000080000000, 0x0000000100000000)
  region size 1024K, 2 young (2048K), 2 survivors (2048K)
 Metaspace       used 20802K, capacity 21189K, committed 21296K, reserved 1069056K
  class space    used 2524K, capacity 2687K, committed 2688K, reserved 1048576K
}
Event: 2.930 GC heap before
{Heap before GC invocations=4 (full 0):
 garbage-first heap   total 131072K, used 64822K [0x0000000080000000, 0x0000000100000000)
  region size 1024K, 49 young (50176K), 2 survivors (2048K)
 Metaspace       used 25734K, capacity 26363K, committed 26624K, reserved 1073152K
  class space    used 3334K, capacity 3547K, committed 3584K, reserved 1048576K
}
Event: 2.933 GC heap after
{Heap after GC invocations=5 (full 0):
 garbage-first heap   total 131072K, used 19279K [0x0000000080000000, 0x0000000100000000)
  region size 1024K, 3 young (3072K), 3 survivors (3072K)
 Metaspace       used 25734K, capacity 26363K, committed 26624K, reserved 1073152K
  class space    used 3334K, capacity 3547K, committed 3584K, reserved 1048576K
}
Event: 3.488 GC heap before
{Heap before GC invocations=5 (full 0):
 garbage-first heap   total 131072K, used 74575K [0x0000000080000000, 0x0000000100000000)
  region size 1024K, 57 young (58368K), 3 survivors (3072K)
 Metaspace       used 30873K, capacity 31657K, committed 31872K, reserved 1077248K
  class space    used 4130K, capacity 4423K, committed 4480K, reserved 1048576K
}
Event: 3.492 GC heap after
{Heap after GC invocations=6 (full 0):
 garbage-first heap   total 131072K, used 20751K [0x0000000080000000, 0x0000000100000000)
  region size 1024K, 5 young (5120K), 5 survivors (5120K)
 Metaspace       used 30873K, capacity 31657K, committed 31872K, reserved 1077248K
  class space    used 4130K, capacity 4423K, committed 4480K, reserved 1048576K
}
Event: 3.843 GC heap before
{Heap before GC invocations=6 (full 0):
 garbage-first heap   total 131072K, used 39183K [0x0000000080000000, 0x0000000100000000)
  region size 1024K, 24 young (24576K), 5 survivors (5120K)
 Metaspace       used 34999K, capacity 35897K, committed 35968K, reserved 1081344K
  class space    used 4568K, capacity 4923K, committed 4992K, reserved 1048576K
}
Event: 3.852 GC heap after
{Heap after GC invocations=7 (full 0):
 garbage-first heap   total 131072K, used 23002K [0x0000000080000000, 0x0000000100000000)
  region size 1024K, 7 young (7168K), 7 survivors (7168K)
 Metaspace       used 34999K, capacity 35897K, committed 35968K, reserved 1081344K
  class space    used 4568K, capacity 4923K, committed 4992K, reserved 1048576K
}
Event: 4.512 GC heap before
{Heap before GC invocations=8 (full 0):
 garbage-first heap   total 131072K, used 86490K [0x0000000080000000, 0x0000000100000000)
  region size 1024K, 67 young (68608K), 7 survivors (7168K)
 Metaspace       used 40664K, capacity 41622K, committed 41884K, reserved 1085440K
  class space    used 5145K, capacity 5523K, committed 5632K, reserved 1048576K
}
Event: 4.528 GC heap after
{Heap after GC invocations=9 (full 0):
 garbage-first heap   total 131072K, used 29144K [0x0000000080000000, 0x0000000100000000)
  region size 1024K, 9 young (9216K), 9 survivors (9216K)
 Metaspace       used 40664K, capacity 41622K, committed 41884K, reserved 1085440K
  class space    used 5145K, capacity 5523K, committed 5632K, reserved 1048576K
}
Event: 5.148 GC heap before
{Heap before GC invocations=10 (full 0):
 garbage-first heap   total 131072K, used 90584K [0x0000000080000000, 0x0000000100000000)
  region size 1024K, 68 young (69632K), 9 survivors (9216K)
 Metaspace       used 45726K, capacity 46850K, committed 47004K, reserved 1089536K
  class space    used 5824K, capacity 6296K, committed 6400K, reserved 1048576K
}
Event: 5.158 GC heap after
{Heap after GC invocations=11 (full 0):
 garbage-first heap   total 157696K, used 32516K [0x0000000080000000, 0x0000000100000000)
  region size 1024K, 4 young (4096K), 4 survivors (4096K)
 Metaspace       used 45726K, capacity 46850K, committed 47004K, reserved 1089536K
  class space    used 5824K, capacity 6296K, committed 6400K, reserved 1048576K
}
Event: 5.877 GC heap before
{Heap before GC invocations=11 (full 0):
 garbage-first heap   total 157696K, used 106244K [0x0000000080000000, 0x0000000100000000)
  region size 1024K, 76 young (77824K), 4 survivors (4096K)
 Metaspace       used 49392K, capacity 50823K, committed 51100K, reserved 1093632K
  class space    used 6303K, capacity 6852K, committed 6912K, reserved 1048576K
}
Event: 5.885 GC heap after
{Heap after GC invocations=12 (full 0):
 garbage-first heap   total 157696K, used 36833K [0x0000000080000000, 0x0000000100000000)
  region size 1024K, 9 young (9216K), 9 survivors (9216K)
 Metaspace       used 49392K, capacity 50823K, committed 51100K, reserved 1093632K
  class space    used 6303K, capacity 6852K, committed 6912K, reserved 1048576K
}
Event: 6.762 GC heap before
{Heap before GC invocations=12 (full 0):
 garbage-first heap   total 157696K, used 116705K [0x0000000080000000, 0x0000000100000000)
  region size 1024K, 81 young (82944K), 9 survivors (9216K)
 Metaspace       used 56802K, capacity 58348K, committed 58524K, reserved 1099776K
  class space    used 7224K, capacity 7875K, committed 7936K, reserved 1048576K
}
Event: 6.774 GC heap after
{Heap after GC invocations=13 (full 0):
 garbage-first heap   total 157696K, used 51967K [0x0000000080000000, 0x0000000100000000)
  region size 1024K, 11 young (11264K), 11 survivors (11264K)
 Metaspace       used 56802K, capacity 58348K, committed 58524K, reserved 1099776K
  class space    used 7224K, capacity 7875K, committed 7936K, reserved 1048576K
}
Event: 7.620 GC heap before
{Heap before GC invocations=13 (full 0):
 garbage-first heap   total 157696K, used 123647K [0x0000000080000000, 0x0000000100000000)
  region size 1024K, 74 young (75776K), 11 survivors (11264K)
 Metaspace       used 63185K, capacity 64897K, committed 64924K, reserved 1105920K
  class space    used 8008K, capacity 8702K, committed 8704K, reserved 1048576K
}
Event: 7.631 GC heap after
{Heap after GC invocations=14 (full 0):
 garbage-first heap   total 157696K, used 59060K [0x0000000080000000, 0x0000000100000000)
  region size 1024K, 7 young (7168K), 7 survivors (7168K)
 Metaspace       used 63185K, capacity 64897K, committed 64924K, reserved 1105920K
  class space    used 8008K, capacity 8702K, committed 8704K, reserved 1048576K
}
Event: 8.320 GC heap before
{Heap before GC invocations=14 (full 0):
 garbage-first heap   total 157696K, used 118452K [0x0000000080000000, 0x0000000100000000)
  region size 1024K, 65 young (66560K), 7 survivors (7168K)
 Metaspace       used 67695K, capacity 69458K, committed 69660K, reserved 1110016K
  class space    used 8608K, capacity 9294K, committed 9344K, reserved 1048576K
}

